CRITICAL - 2023-10-18 00:00:37 --> The namespace delimiter is a backslash (\), not a slash (/). Route handler: "\App\Controllers\EditarPaciente/$1"
in SYSTEMPATH\Router\Router.php on line 477.
 1 SYSTEMPATH\Router\Router.php(477): CodeIgniter\Router\Exceptions\RouterException::forInvalidControllerName('\\App\\Controllers\\EditarPaciente/$1')
 2 SYSTEMPATH\Router\Router.php(184): CodeIgniter\Router\Router->checkRoutes('EditarPaciente/asd')
 3 SYSTEMPATH\CodeIgniter.php(813): CodeIgniter\Router\Router->handle('EditarPaciente/asd')
 4 SYSTEMPATH\CodeIgniter.php(447): CodeIgniter\CodeIgniter->tryToRouteIt(Object(CodeIgniter\Router\RouteCollection))
 5 SYSTEMPATH\CodeIgniter.php(366): CodeIgniter\CodeIgniter->handleRequest(null, Object(Config\Cache), false)
 6 FCPATH\index.php(67): CodeIgniter\CodeIgniter->run()
CRITICAL - 2023-10-18 00:00:40 --> The namespace delimiter is a backslash (\), not a slash (/). Route handler: "\App\Controllers\EditarPaciente/$1"
in SYSTEMPATH\Router\Router.php on line 477.
 1 SYSTEMPATH\Router\Router.php(477): CodeIgniter\Router\Exceptions\RouterException::forInvalidControllerName('\\App\\Controllers\\EditarPaciente/$1')
 2 SYSTEMPATH\Router\Router.php(184): CodeIgniter\Router\Router->checkRoutes('EditarPaciente/asd')
 3 SYSTEMPATH\CodeIgniter.php(813): CodeIgniter\Router\Router->handle('EditarPaciente/asd')
 4 SYSTEMPATH\CodeIgniter.php(447): CodeIgniter\CodeIgniter->tryToRouteIt(Object(CodeIgniter\Router\RouteCollection))
 5 SYSTEMPATH\CodeIgniter.php(366): CodeIgniter\CodeIgniter->handleRequest(null, Object(Config\Cache), false)
 6 FCPATH\index.php(67): CodeIgniter\CodeIgniter->run()
CRITICAL - 2023-10-18 00:00:46 --> The namespace delimiter is a backslash (\), not a slash (/). Route handler: "\App\Controllers\EditarPaciente/$1"
in SYSTEMPATH\Router\Router.php on line 477.
 1 SYSTEMPATH\Router\Router.php(477): CodeIgniter\Router\Exceptions\RouterException::forInvalidControllerName('\\App\\Controllers\\EditarPaciente/$1')
 2 SYSTEMPATH\Router\Router.php(184): CodeIgniter\Router\Router->checkRoutes('EditarPaciente/asd')
 3 SYSTEMPATH\CodeIgniter.php(813): CodeIgniter\Router\Router->handle('EditarPaciente/asd')
 4 SYSTEMPATH\CodeIgniter.php(447): CodeIgniter\CodeIgniter->tryToRouteIt(Object(CodeIgniter\Router\RouteCollection))
 5 SYSTEMPATH\CodeIgniter.php(366): CodeIgniter\CodeIgniter->handleRequest(null, Object(Config\Cache), false)
 6 FCPATH\index.php(67): CodeIgniter\CodeIgniter->run()
INFO - 2023-10-18 00:01:46 --> Session: Class initialized using 'CodeIgniter\Session\Handlers\FileHandler' driver.
CRITICAL - 2023-10-18 00:02:28 --> The namespace delimiter is a backslash (\), not a slash (/). Route handler: "\App\Controllers\EditarPaciente/$1"
in SYSTEMPATH\Router\Router.php on line 477.
 1 SYSTEMPATH\Router\Router.php(477): CodeIgniter\Router\Exceptions\RouterException::forInvalidControllerName('\\App\\Controllers\\EditarPaciente/$1')
 2 SYSTEMPATH\Router\Router.php(184): CodeIgniter\Router\Router->checkRoutes('EditarPaciente/123')
 3 SYSTEMPATH\CodeIgniter.php(813): CodeIgniter\Router\Router->handle('EditarPaciente/123')
 4 SYSTEMPATH\CodeIgniter.php(447): CodeIgniter\CodeIgniter->tryToRouteIt(Object(CodeIgniter\Router\RouteCollection))
 5 SYSTEMPATH\CodeIgniter.php(366): CodeIgniter\CodeIgniter->handleRequest(null, Object(Config\Cache), false)
 6 FCPATH\index.php(67): CodeIgniter\CodeIgniter->run()
INFO - 2023-10-18 00:03:41 --> Session: Class initialized using 'CodeIgniter\Session\Handlers\FileHandler' driver.
INFO - 2023-10-18 00:03:42 --> Session: Class initialized using 'CodeIgniter\Session\Handlers\FileHandler' driver.
INFO - 2023-10-18 00:04:03 --> Session: Class initialized using 'CodeIgniter\Session\Handlers\FileHandler' driver.
CRITICAL - 2023-10-18 00:04:03 --> Too few arguments to function App\Controllers\EditarPaciente::index(), 0 passed in C:\xampp\htdocs\sinteag\system\CodeIgniter.php on line 932 and exactly 1 expected
in APPPATH\Controllers\EditarPaciente.php on line 8.
 1 SYSTEMPATH\CodeIgniter.php(932): App\Controllers\EditarPaciente->index()
 2 SYSTEMPATH\CodeIgniter.php(497): CodeIgniter\CodeIgniter->runController(Object(App\Controllers\EditarPaciente))
 3 SYSTEMPATH\CodeIgniter.php(366): CodeIgniter\CodeIgniter->handleRequest(null, Object(Config\Cache), false)
 4 FCPATH\index.php(67): CodeIgniter\CodeIgniter->run()
INFO - 2023-10-18 00:04:09 --> Session: Class initialized using 'CodeIgniter\Session\Handlers\FileHandler' driver.
INFO - 2023-10-18 00:04:09 --> Session: Class initialized using 'CodeIgniter\Session\Handlers\FileHandler' driver.
INFO - 2023-10-18 00:04:32 --> Session: Class initialized using 'CodeIgniter\Session\Handlers\FileHandler' driver.
INFO - 2023-10-18 00:04:32 --> Session: Class initialized using 'CodeIgniter\Session\Handlers\FileHandler' driver.
INFO - 2023-10-18 00:06:34 --> Session: Class initialized using 'CodeIgniter\Session\Handlers\FileHandler' driver.
INFO - 2023-10-18 00:07:09 --> Session: Class initialized using 'CodeIgniter\Session\Handlers\FileHandler' driver.
INFO - 2023-10-18 00:07:17 --> Session: Class initialized using 'CodeIgniter\Session\Handlers\FileHandler' driver.
INFO - 2023-10-18 00:07:21 --> Session: Class initialized using 'CodeIgniter\Session\Handlers\FileHandler' driver.
INFO - 2023-10-18 00:07:25 --> Session: Class initialized using 'CodeIgniter\Session\Handlers\FileHandler' driver.
INFO - 2023-10-18 01:14:51 --> Session: Class initialized using 'CodeIgniter\Session\Handlers\FileHandler' driver.
INFO - 2023-10-18 01:15:07 --> Session: Class initialized using 'CodeIgniter\Session\Handlers\FileHandler' driver.
INFO - 2023-10-18 01:15:20 --> Session: Class initialized using 'CodeIgniter\Session\Handlers\FileHandler' driver.
INFO - 2023-10-18 01:15:32 --> Session: Class initialized using 'CodeIgniter\Session\Handlers\FileHandler' driver.
INFO - 2023-10-18 01:15:47 --> Session: Class initialized using 'CodeIgniter\Session\Handlers\FileHandler' driver.
INFO - 2023-10-18 01:15:56 --> Session: Class initialized using 'CodeIgniter\Session\Handlers\FileHandler' driver.
INFO - 2023-10-18 01:16:10 --> Session: Class initialized using 'CodeIgniter\Session\Handlers\FileHandler' driver.
INFO - 2023-10-18 01:16:28 --> Session: Class initialized using 'CodeIgniter\Session\Handlers\FileHandler' driver.
INFO - 2023-10-18 01:16:32 --> Session: Class initialized using 'CodeIgniter\Session\Handlers\FileHandler' driver.
INFO - 2023-10-18 01:16:40 --> Session: Class initialized using 'CodeIgniter\Session\Handlers\FileHandler' driver.
INFO - 2023-10-18 01:53:51 --> Session: Class initialized using 'CodeIgniter\Session\Handlers\FileHandler' driver.
INFO - 2023-10-18 01:53:58 --> Session: Class initialized using 'CodeIgniter\Session\Handlers\FileHandler' driver.
INFO - 2023-10-18 01:54:03 --> Session: Class initialized using 'CodeIgniter\Session\Handlers\FileHandler' driver.
INFO - 2023-10-18 02:02:32 --> Session: Class initialized using 'CodeIgniter\Session\Handlers\FileHandler' driver.
INFO - 2023-10-18 02:02:37 --> Session: Class initialized using 'CodeIgniter\Session\Handlers\FileHandler' driver.
INFO - 2023-10-18 02:02:43 --> Session: Class initialized using 'CodeIgniter\Session\Handlers\FileHandler' driver.
ERROR - 2023-10-18 02:02:43 --> mysqli_sql_exception: You have an error in your SQL syntax; check the manual that corresponds to your MariaDB server version for the right syntax to use near ''Data_Nascimento, CEP, Logradouro, Bairro, Cidade, UF, Numero, Complemento, T...' at line 1 in C:\xampp\htdocs\sinteag\system\Database\MySQLi\Connection.php:295
Stack trace:
#0 C:\xampp\htdocs\sinteag\system\Database\MySQLi\Connection.php(295): mysqli->query('SELECT Nome_Pac...', 0)
#1 C:\xampp\htdocs\sinteag\system\Database\BaseConnection.php(692): CodeIgniter\Database\MySQLi\Connection->execute('SELECT Nome_Pac...')
#2 C:\xampp\htdocs\sinteag\system\Database\BaseConnection.php(606): CodeIgniter\Database\BaseConnection->simpleQuery('SELECT Nome_Pac...')
#3 C:\xampp\htdocs\sinteag\app\Controllers\EditarPaciente.php(12): CodeIgniter\Database\BaseConnection->query('SELECT Nome_Pac...')
#4 C:\xampp\htdocs\sinteag\system\CodeIgniter.php(932): App\Controllers\EditarPaciente->index('11111111111')
#5 C:\xampp\htdocs\sinteag\system\CodeIgniter.php(497): CodeIgniter\CodeIgniter->runController(Object(App\Controllers\EditarPaciente))
#6 C:\xampp\htdocs\sinteag\system\CodeIgniter.php(366): CodeIgniter\CodeIgniter->handleRequest(NULL, Object(Config\Cache), false)
#7 C:\xampp\htdocs\sinteag\public\index.php(67): CodeIgniter\CodeIgniter->run()
#8 {main}
CRITICAL - 2023-10-18 02:02:43 --> You have an error in your SQL syntax; check the manual that corresponds to your MariaDB server version for the right syntax to use near ''Data_Nascimento, CEP, Logradouro, Bairro, Cidade, UF, Numero, Complemento, T...' at line 1
in SYSTEMPATH\Database\MySQLi\Connection.php on line 295.
 1 SYSTEMPATH\Database\MySQLi\Connection.php(295): mysqli->query('SELECT Nome_Paciente, CPF, \'Data_Nascimento, CEP, Logradouro, Bairro, Cidade, UF, Numero, Complemento, Telefone, OBS FROM pacientes WHERE Id_Paciente = 3', 0)
 2 SYSTEMPATH\Database\BaseConnection.php(692): CodeIgniter\Database\MySQLi\Connection->execute('SELECT Nome_Paciente, CPF, \'Data_Nascimento, CEP, Logradouro, Bairro, Cidade, UF, Numero, Complemento, Telefone, OBS FROM pacientes WHERE Id_Paciente = 3')
 3 SYSTEMPATH\Database\BaseConnection.php(606): CodeIgniter\Database\BaseConnection->simpleQuery('SELECT Nome_Paciente, CPF, \'Data_Nascimento, CEP, Logradouro, Bairro, Cidade, UF, Numero, Complemento, Telefone, OBS FROM pacientes WHERE Id_Paciente = 3')
 4 APPPATH\Controllers\EditarPaciente.php(12): CodeIgniter\Database\BaseConnection->query('SELECT Nome_Paciente, CPF, \'Data_Nascimento, CEP, Logradouro, Bairro, Cidade, UF, Numero, Complemento, Telefone, OBS FROM pacientes WHERE Id_Paciente = 3')
 5 SYSTEMPATH\CodeIgniter.php(932): App\Controllers\EditarPaciente->index('11111111111')
 6 SYSTEMPATH\CodeIgniter.php(497): CodeIgniter\CodeIgniter->runController(Object(App\Controllers\EditarPaciente))
 7 SYSTEMPATH\CodeIgniter.php(366): CodeIgniter\CodeIgniter->handleRequest(null, Object(Config\Cache), false)
 8 FCPATH\index.php(67): CodeIgniter\CodeIgniter->run()
INFO - 2023-10-18 02:04:05 --> Session: Class initialized using 'CodeIgniter\Session\Handlers\FileHandler' driver.
ERROR - 2023-10-18 02:04:05 --> mysqli_sql_exception: You have an error in your SQL syntax; check the manual that corresponds to your MariaDB server version for the right syntax to use near ''Data_Nascimento, CEP, Logradouro, Bairro, Cidade, UF, Numero, Complemento, T...' at line 1 in C:\xampp\htdocs\sinteag\system\Database\MySQLi\Connection.php:295
Stack trace:
#0 C:\xampp\htdocs\sinteag\system\Database\MySQLi\Connection.php(295): mysqli->query('SELECT Nome_Pac...', 0)
#1 C:\xampp\htdocs\sinteag\system\Database\BaseConnection.php(692): CodeIgniter\Database\MySQLi\Connection->execute('SELECT Nome_Pac...')
#2 C:\xampp\htdocs\sinteag\system\Database\BaseConnection.php(606): CodeIgniter\Database\BaseConnection->simpleQuery('SELECT Nome_Pac...')
#3 C:\xampp\htdocs\sinteag\app\Controllers\EditarPaciente.php(12): CodeIgniter\Database\BaseConnection->query('SELECT Nome_Pac...')
#4 C:\xampp\htdocs\sinteag\system\CodeIgniter.php(932): App\Controllers\EditarPaciente->index('11111111111')
#5 C:\xampp\htdocs\sinteag\system\CodeIgniter.php(497): CodeIgniter\CodeIgniter->runController(Object(App\Controllers\EditarPaciente))
#6 C:\xampp\htdocs\sinteag\system\CodeIgniter.php(366): CodeIgniter\CodeIgniter->handleRequest(NULL, Object(Config\Cache), false)
#7 C:\xampp\htdocs\sinteag\public\index.php(67): CodeIgniter\CodeIgniter->run()
#8 {main}
CRITICAL - 2023-10-18 02:04:05 --> You have an error in your SQL syntax; check the manual that corresponds to your MariaDB server version for the right syntax to use near ''Data_Nascimento, CEP, Logradouro, Bairro, Cidade, UF, Numero, Complemento, T...' at line 1
in SYSTEMPATH\Database\MySQLi\Connection.php on line 295.
 1 SYSTEMPATH\Database\MySQLi\Connection.php(295): mysqli->query('SELECT Nome_Paciente, CPF, \'Data_Nascimento, CEP, Logradouro, Bairro, Cidade, UF, Numero, Complemento, Telefone, OBS FROM pacientes', 0)
 2 SYSTEMPATH\Database\BaseConnection.php(692): CodeIgniter\Database\MySQLi\Connection->execute('SELECT Nome_Paciente, CPF, \'Data_Nascimento, CEP, Logradouro, Bairro, Cidade, UF, Numero, Complemento, Telefone, OBS FROM pacientes')
 3 SYSTEMPATH\Database\BaseConnection.php(606): CodeIgniter\Database\BaseConnection->simpleQuery('SELECT Nome_Paciente, CPF, \'Data_Nascimento, CEP, Logradouro, Bairro, Cidade, UF, Numero, Complemento, Telefone, OBS FROM pacientes')
 4 APPPATH\Controllers\EditarPaciente.php(12): CodeIgniter\Database\BaseConnection->query('SELECT Nome_Paciente, CPF, \'Data_Nascimento, CEP, Logradouro, Bairro, Cidade, UF, Numero, Complemento, Telefone, OBS FROM pacientes')
 5 SYSTEMPATH\CodeIgniter.php(932): App\Controllers\EditarPaciente->index('11111111111')
 6 SYSTEMPATH\CodeIgniter.php(497): CodeIgniter\CodeIgniter->runController(Object(App\Controllers\EditarPaciente))
 7 SYSTEMPATH\CodeIgniter.php(366): CodeIgniter\CodeIgniter->handleRequest(null, Object(Config\Cache), false)
 8 FCPATH\index.php(67): CodeIgniter\CodeIgniter->run()
INFO - 2023-10-18 02:04:18 --> Session: Class initialized using 'CodeIgniter\Session\Handlers\FileHandler' driver.
INFO - 2023-10-18 02:04:21 --> Session: Class initialized using 'CodeIgniter\Session\Handlers\FileHandler' driver.
INFO - 2023-10-18 02:04:25 --> Session: Class initialized using 'CodeIgniter\Session\Handlers\FileHandler' driver.
ERROR - 2023-10-18 02:04:25 --> mysqli_sql_exception: You have an error in your SQL syntax; check the manual that corresponds to your MariaDB server version for the right syntax to use near ''Data_Nascimento, CEP, Logradouro, Bairro, Cidade, UF, Numero, Complemento, T...' at line 1 in C:\xampp\htdocs\sinteag\system\Database\MySQLi\Connection.php:295
Stack trace:
#0 C:\xampp\htdocs\sinteag\system\Database\MySQLi\Connection.php(295): mysqli->query('SELECT Nome_Pac...', 0)
#1 C:\xampp\htdocs\sinteag\system\Database\BaseConnection.php(692): CodeIgniter\Database\MySQLi\Connection->execute('SELECT Nome_Pac...')
#2 C:\xampp\htdocs\sinteag\system\Database\BaseConnection.php(606): CodeIgniter\Database\BaseConnection->simpleQuery('SELECT Nome_Pac...')
#3 C:\xampp\htdocs\sinteag\app\Controllers\EditarPaciente.php(12): CodeIgniter\Database\BaseConnection->query('SELECT Nome_Pac...')
#4 C:\xampp\htdocs\sinteag\system\CodeIgniter.php(932): App\Controllers\EditarPaciente->index('11111111111')
#5 C:\xampp\htdocs\sinteag\system\CodeIgniter.php(497): CodeIgniter\CodeIgniter->runController(Object(App\Controllers\EditarPaciente))
#6 C:\xampp\htdocs\sinteag\system\CodeIgniter.php(366): CodeIgniter\CodeIgniter->handleRequest(NULL, Object(Config\Cache), false)
#7 C:\xampp\htdocs\sinteag\public\index.php(67): CodeIgniter\CodeIgniter->run()
#8 {main}
CRITICAL - 2023-10-18 02:04:25 --> You have an error in your SQL syntax; check the manual that corresponds to your MariaDB server version for the right syntax to use near ''Data_Nascimento, CEP, Logradouro, Bairro, Cidade, UF, Numero, Complemento, T...' at line 1
in SYSTEMPATH\Database\MySQLi\Connection.php on line 295.
 1 SYSTEMPATH\Database\MySQLi\Connection.php(295): mysqli->query('SELECT Nome_Paciente, CPF, \'Data_Nascimento, CEP, Logradouro, Bairro, Cidade, UF, Numero, Complemento, Telefone, OBS FROM pacientes', 0)
 2 SYSTEMPATH\Database\BaseConnection.php(692): CodeIgniter\Database\MySQLi\Connection->execute('SELECT Nome_Paciente, CPF, \'Data_Nascimento, CEP, Logradouro, Bairro, Cidade, UF, Numero, Complemento, Telefone, OBS FROM pacientes')
 3 SYSTEMPATH\Database\BaseConnection.php(606): CodeIgniter\Database\BaseConnection->simpleQuery('SELECT Nome_Paciente, CPF, \'Data_Nascimento, CEP, Logradouro, Bairro, Cidade, UF, Numero, Complemento, Telefone, OBS FROM pacientes')
 4 APPPATH\Controllers\EditarPaciente.php(12): CodeIgniter\Database\BaseConnection->query('SELECT Nome_Paciente, CPF, \'Data_Nascimento, CEP, Logradouro, Bairro, Cidade, UF, Numero, Complemento, Telefone, OBS FROM pacientes')
 5 SYSTEMPATH\CodeIgniter.php(932): App\Controllers\EditarPaciente->index('11111111111')
 6 SYSTEMPATH\CodeIgniter.php(497): CodeIgniter\CodeIgniter->runController(Object(App\Controllers\EditarPaciente))
 7 SYSTEMPATH\CodeIgniter.php(366): CodeIgniter\CodeIgniter->handleRequest(null, Object(Config\Cache), false)
 8 FCPATH\index.php(67): CodeIgniter\CodeIgniter->run()
INFO - 2023-10-18 17:40:25 --> Session: Class initialized using 'CodeIgniter\Session\Handlers\FileHandler' driver.
INFO - 2023-10-18 17:40:55 --> Session: Class initialized using 'CodeIgniter\Session\Handlers\FileHandler' driver.
CRITICAL - 2023-10-18 17:40:58 --> Undefined property: stdClass::$Id_Paciente
in APPPATH\Views\pesquisarpacientes.php on line 34.
 1 APPPATH\Views\pesquisarpacientes.php(34): CodeIgniter\Debug\Exceptions->errorHandler(2, 'Undefined property: stdClass::$Id_Paciente', 'C:\\xampp\\htdocs\\sinteag\\app\\Views\\pesquisarpacientes.php', 34)
 2 SYSTEMPATH\View\View.php(224): include('C:\\xampp\\htdocs\\sinteag\\app\\Views\\pesquisarpacientes.php')
 3 SYSTEMPATH\View\View.php(227): CodeIgniter\View\View->CodeIgniter\View\{closure}()
 4 SYSTEMPATH\Common.php(1176): CodeIgniter\View\View->render('pesquisarpacientes', [], true)
 5 APPPATH\Controllers\PesquisarPacientes.php(16): view('pesquisarpacientes', [...])
 6 SYSTEMPATH\CodeIgniter.php(932): App\Controllers\PesquisarPacientes->index()
 7 SYSTEMPATH\CodeIgniter.php(497): CodeIgniter\CodeIgniter->runController(Object(App\Controllers\PesquisarPacientes))
 8 SYSTEMPATH\CodeIgniter.php(366): CodeIgniter\CodeIgniter->handleRequest(null, Object(Config\Cache), false)
 9 FCPATH\index.php(67): CodeIgniter\CodeIgniter->run()
INFO - 2023-10-18 17:43:04 --> Session: Class initialized using 'CodeIgniter\Session\Handlers\FileHandler' driver.
INFO - 2023-10-18 17:43:08 --> Session: Class initialized using 'CodeIgniter\Session\Handlers\FileHandler' driver.
CRITICAL - 2023-10-18 17:43:08 --> Undefined property: stdClass::$Id_Paciente
in APPPATH\Views\pesquisarpacientes.php on line 31.
 1 APPPATH\Views\pesquisarpacientes.php(31): CodeIgniter\Debug\Exceptions->errorHandler(2, 'Undefined property: stdClass::$Id_Paciente', 'C:\\xampp\\htdocs\\sinteag\\app\\Views\\pesquisarpacientes.php', 31)
 2 SYSTEMPATH\View\View.php(224): include('C:\\xampp\\htdocs\\sinteag\\app\\Views\\pesquisarpacientes.php')
 3 SYSTEMPATH\View\View.php(227): CodeIgniter\View\View->CodeIgniter\View\{closure}()
 4 SYSTEMPATH\Common.php(1176): CodeIgniter\View\View->render('pesquisarpacientes', [], true)
 5 APPPATH\Controllers\PesquisarPacientes.php(16): view('pesquisarpacientes', [...])
 6 SYSTEMPATH\CodeIgniter.php(932): App\Controllers\PesquisarPacientes->index()
 7 SYSTEMPATH\CodeIgniter.php(497): CodeIgniter\CodeIgniter->runController(Object(App\Controllers\PesquisarPacientes))
 8 SYSTEMPATH\CodeIgniter.php(366): CodeIgniter\CodeIgniter->handleRequest(null, Object(Config\Cache), false)
 9 FCPATH\index.php(67): CodeIgniter\CodeIgniter->run()
INFO - 2023-10-18 17:44:12 --> Session: Class initialized using 'CodeIgniter\Session\Handlers\FileHandler' driver.
INFO - 2023-10-18 17:44:17 --> Session: Class initialized using 'CodeIgniter\Session\Handlers\FileHandler' driver.
CRITICAL - 2023-10-18 17:44:17 --> Undefined property: stdClass::$Id_Paciente
in APPPATH\Views\pesquisarpacientes.php on line 32.
 1 APPPATH\Views\pesquisarpacientes.php(32): CodeIgniter\Debug\Exceptions->errorHandler(2, 'Undefined property: stdClass::$Id_Paciente', 'C:\\xampp\\htdocs\\sinteag\\app\\Views\\pesquisarpacientes.php', 32)
 2 SYSTEMPATH\View\View.php(224): include('C:\\xampp\\htdocs\\sinteag\\app\\Views\\pesquisarpacientes.php')
 3 SYSTEMPATH\View\View.php(227): CodeIgniter\View\View->CodeIgniter\View\{closure}()
 4 SYSTEMPATH\Common.php(1176): CodeIgniter\View\View->render('pesquisarpacientes', [], true)
 5 APPPATH\Controllers\PesquisarPacientes.php(16): view('pesquisarpacientes', [...])
 6 SYSTEMPATH\CodeIgniter.php(932): App\Controllers\PesquisarPacientes->index()
 7 SYSTEMPATH\CodeIgniter.php(497): CodeIgniter\CodeIgniter->runController(Object(App\Controllers\PesquisarPacientes))
 8 SYSTEMPATH\CodeIgniter.php(366): CodeIgniter\CodeIgniter->handleRequest(null, Object(Config\Cache), false)
 9 FCPATH\index.php(67): CodeIgniter\CodeIgniter->run()
INFO - 2023-10-18 17:46:40 --> Session: Class initialized using 'CodeIgniter\Session\Handlers\FileHandler' driver.
INFO - 2023-10-18 17:46:45 --> Session: Class initialized using 'CodeIgniter\Session\Handlers\FileHandler' driver.
INFO - 2023-10-18 17:46:55 --> Session: Class initialized using 'CodeIgniter\Session\Handlers\FileHandler' driver.
CRITICAL - 2023-10-18 17:46:55 --> Undefined constant "App\Controllers\CPF"
in APPPATH\Controllers\EditarPaciente.php on line 12.
 1 SYSTEMPATH\CodeIgniter.php(932): App\Controllers\EditarPaciente->index('11111111111')
 2 SYSTEMPATH\CodeIgniter.php(497): CodeIgniter\CodeIgniter->runController(Object(App\Controllers\EditarPaciente))
 3 SYSTEMPATH\CodeIgniter.php(366): CodeIgniter\CodeIgniter->handleRequest(null, Object(Config\Cache), false)
 4 FCPATH\index.php(67): CodeIgniter\CodeIgniter->run()
INFO - 2023-10-18 17:47:54 --> Session: Class initialized using 'CodeIgniter\Session\Handlers\FileHandler' driver.
INFO - 2023-10-18 17:47:57 --> Session: Class initialized using 'CodeIgniter\Session\Handlers\FileHandler' driver.
CRITICAL - 2023-10-18 17:47:57 --> Undefined variable $CPF
in APPPATH\Controllers\EditarPaciente.php on line 12.
 1 APPPATH\Controllers\EditarPaciente.php(12): CodeIgniter\Debug\Exceptions->errorHandler(2, 'Undefined variable $CPF', 'C:\\xampp\\htdocs\\sinteag\\app\\Controllers\\EditarPaciente.php', 12)
 2 SYSTEMPATH\CodeIgniter.php(932): App\Controllers\EditarPaciente->index('11111111111')
 3 SYSTEMPATH\CodeIgniter.php(497): CodeIgniter\CodeIgniter->runController(Object(App\Controllers\EditarPaciente))
 4 SYSTEMPATH\CodeIgniter.php(366): CodeIgniter\CodeIgniter->handleRequest(null, Object(Config\Cache), false)
 5 FCPATH\index.php(67): CodeIgniter\CodeIgniter->run()
INFO - 2023-10-18 17:48:09 --> Session: Class initialized using 'CodeIgniter\Session\Handlers\FileHandler' driver.
INFO - 2023-10-18 17:50:49 --> Session: Class initialized using 'CodeIgniter\Session\Handlers\FileHandler' driver.
INFO - 2023-10-18 21:22:45 --> Session: Class initialized using 'CodeIgniter\Session\Handlers\FileHandler' driver.
INFO - 2023-10-18 23:36:40 --> Session: Class initialized using 'CodeIgniter\Session\Handlers\FileHandler' driver.
INFO - 2023-10-18 23:36:47 --> Session: Class initialized using 'CodeIgniter\Session\Handlers\FileHandler' driver.
CRITICAL - 2023-10-18 23:36:47 --> Class "codeigniter\model" not found
in APPPATH\Models\PacientesModel.php on line 6.
 1 SYSTEMPATH\Autoloader\Autoloader.php(314): include_once()
 2 SYSTEMPATH\Autoloader\Autoloader.php(291): CodeIgniter\Autoloader\Autoloader->includeFile('C:\\xampp\\htdocs\\sinteag\\app\\Models\\PacientesModel.php')
 3 SYSTEMPATH\Autoloader\Autoloader.php(269): CodeIgniter\Autoloader\Autoloader->loadInNamespace('App\\Models\\PacientesModel')
 4 APPPATH\Controllers\PesquisarPacientes.php(16): CodeIgniter\Autoloader\Autoloader->loadClass('App\\Models\\PacientesModel')
 5 SYSTEMPATH\CodeIgniter.php(932): App\Controllers\PesquisarPacientes->index()
 6 SYSTEMPATH\CodeIgniter.php(497): CodeIgniter\CodeIgniter->runController(Object(App\Controllers\PesquisarPacientes))
 7 SYSTEMPATH\CodeIgniter.php(366): CodeIgniter\CodeIgniter->handleRequest(null, Object(Config\Cache), false)
 8 FCPATH\index.php(67): CodeIgniter\CodeIgniter->run()
