INFO - 2023-10-16 13:19:56 --> Session: Class initialized using 'CodeIgniter\Session\Handlers\FileHandler' driver.
INFO - 2023-10-16 13:20:03 --> Session: Class initialized using 'CodeIgniter\Session\Handlers\FileHandler' driver.
INFO - 2023-10-16 13:20:08 --> Session: Class initialized using 'CodeIgniter\Session\Handlers\FileHandler' driver.
CRITICAL - 2023-10-16 13:42:27 --> syntax error, unexpected variable "$data"
in APPPATH\Controllers\PesquisarPacientes.php on line 13.
 1 SYSTEMPATH\Autoloader\Autoloader.php(291): CodeIgniter\Autoloader\Autoloader->includeFile('C:\\xampp\\htdocs\\sinteag\\app\\Controllers\\PesquisarPacientes.php')
 2 SYSTEMPATH\Autoloader\Autoloader.php(269): CodeIgniter\Autoloader\Autoloader->loadInNamespace('App\\Controllers\\PesquisarPacientes')
 3 [internal function]: CodeIgniter\Autoloader\Autoloader->loadClass('App\\Controllers\\PesquisarPacientes')
 4 SYSTEMPATH\CodeIgniter.php(890): class_exists('\\App\\Controllers\\PesquisarPacientes', true)
 5 SYSTEMPATH\CodeIgniter.php(484): CodeIgniter\CodeIgniter->startController()
 6 SYSTEMPATH\CodeIgniter.php(366): CodeIgniter\CodeIgniter->handleRequest(null, Object(Config\Cache), false)
 7 FCPATH\index.php(67): CodeIgniter\CodeIgniter->run()
INFO - 2023-10-16 13:43:06 --> Session: Class initialized using 'CodeIgniter\Session\Handlers\FileHandler' driver.
INFO - 2023-10-16 14:09:05 --> Session: Class initialized using 'CodeIgniter\Session\Handlers\FileHandler' driver.
INFO - 2023-10-16 14:15:00 --> Session: Class initialized using 'CodeIgniter\Session\Handlers\FileHandler' driver.
INFO - 2023-10-16 14:20:01 --> Session: Class initialized using 'CodeIgniter\Session\Handlers\FileHandler' driver.
INFO - 2023-10-16 14:32:47 --> Session: Class initialized using 'CodeIgniter\Session\Handlers\FileHandler' driver.
CRITICAL - 2023-10-16 14:32:48 --> syntax error, unexpected end of file
in APPPATH\Views\pesquisarpacientes.php on line 45.
 1 SYSTEMPATH\View\View.php(227): CodeIgniter\View\View->CodeIgniter\View\{closure}()
 2 SYSTEMPATH\Common.php(1176): CodeIgniter\View\View->render('pesquisarpacientes', [], true)
 3 APPPATH\Controllers\PesquisarPacientes.php(16): view('pesquisarpacientes', [...])
 4 SYSTEMPATH\CodeIgniter.php(932): App\Controllers\PesquisarPacientes->index()
 5 SYSTEMPATH\CodeIgniter.php(497): CodeIgniter\CodeIgniter->runController(Object(App\Controllers\PesquisarPacientes))
 6 SYSTEMPATH\CodeIgniter.php(366): CodeIgniter\CodeIgniter->handleRequest(null, Object(Config\Cache), false)
 7 FCPATH\index.php(67): CodeIgniter\CodeIgniter->run()
INFO - 2023-10-16 14:34:29 --> Session: Class initialized using 'CodeIgniter\Session\Handlers\FileHandler' driver.
CRITICAL - 2023-10-16 14:34:30 --> Undefined variable $pacientes
in APPPATH\Views\pesquisarpacientes.php on line 23.
 1 APPPATH\Views\pesquisarpacientes.php(23): CodeIgniter\Debug\Exceptions->errorHandler(2, 'Undefined variable $pacientes', 'C:\\xampp\\htdocs\\sinteag\\app\\Views\\pesquisarpacientes.php', 23)
 2 SYSTEMPATH\View\View.php(224): include('C:\\xampp\\htdocs\\sinteag\\app\\Views\\pesquisarpacientes.php')
 3 SYSTEMPATH\View\View.php(227): CodeIgniter\View\View->CodeIgniter\View\{closure}()
 4 SYSTEMPATH\Common.php(1176): CodeIgniter\View\View->render('pesquisarpacientes', [], true)
 5 APPPATH\Controllers\PesquisarPacientes.php(16): view('pesquisarpacientes', [...])
 6 SYSTEMPATH\CodeIgniter.php(932): App\Controllers\PesquisarPacientes->index()
 7 SYSTEMPATH\CodeIgniter.php(497): CodeIgniter\CodeIgniter->runController(Object(App\Controllers\PesquisarPacientes))
 8 SYSTEMPATH\CodeIgniter.php(366): CodeIgniter\CodeIgniter->handleRequest(null, Object(Config\Cache), false)
 9 FCPATH\index.php(67): CodeIgniter\CodeIgniter->run()
INFO - 2023-10-16 14:44:25 --> Session: Class initialized using 'CodeIgniter\Session\Handlers\FileHandler' driver.
CRITICAL - 2023-10-16 14:44:25 --> Undefined variable $pesquisapacientes
in APPPATH\Views\pesquisarpacientes.php on line 23.
 1 APPPATH\Views\pesquisarpacientes.php(23): CodeIgniter\Debug\Exceptions->errorHandler(2, 'Undefined variable $pesquisapacientes', 'C:\\xampp\\htdocs\\sinteag\\app\\Views\\pesquisarpacientes.php', 23)
 2 SYSTEMPATH\View\View.php(224): include('C:\\xampp\\htdocs\\sinteag\\app\\Views\\pesquisarpacientes.php')
 3 SYSTEMPATH\View\View.php(227): CodeIgniter\View\View->CodeIgniter\View\{closure}()
 4 SYSTEMPATH\Common.php(1176): CodeIgniter\View\View->render('pesquisarpacientes', [], true)
 5 APPPATH\Controllers\PesquisarPacientes.php(16): view('pesquisarpacientes', [...])
 6 SYSTEMPATH\CodeIgniter.php(932): App\Controllers\PesquisarPacientes->index()
 7 SYSTEMPATH\CodeIgniter.php(497): CodeIgniter\CodeIgniter->runController(Object(App\Controllers\PesquisarPacientes))
 8 SYSTEMPATH\CodeIgniter.php(366): CodeIgniter\CodeIgniter->handleRequest(null, Object(Config\Cache), false)
 9 FCPATH\index.php(67): CodeIgniter\CodeIgniter->run()
INFO - 2023-10-16 14:44:53 --> Session: Class initialized using 'CodeIgniter\Session\Handlers\FileHandler' driver.
CRITICAL - 2023-10-16 14:44:53 --> Undefined variable $PesquisaPacientes
in APPPATH\Views\pesquisarpacientes.php on line 23.
 1 APPPATH\Views\pesquisarpacientes.php(23): CodeIgniter\Debug\Exceptions->errorHandler(2, 'Undefined variable $PesquisaPacientes', 'C:\\xampp\\htdocs\\sinteag\\app\\Views\\pesquisarpacientes.php', 23)
 2 SYSTEMPATH\View\View.php(224): include('C:\\xampp\\htdocs\\sinteag\\app\\Views\\pesquisarpacientes.php')
 3 SYSTEMPATH\View\View.php(227): CodeIgniter\View\View->CodeIgniter\View\{closure}()
 4 SYSTEMPATH\Common.php(1176): CodeIgniter\View\View->render('pesquisarpacientes', [], true)
 5 APPPATH\Controllers\PesquisarPacientes.php(16): view('pesquisarpacientes', [...])
 6 SYSTEMPATH\CodeIgniter.php(932): App\Controllers\PesquisarPacientes->index()
 7 SYSTEMPATH\CodeIgniter.php(497): CodeIgniter\CodeIgniter->runController(Object(App\Controllers\PesquisarPacientes))
 8 SYSTEMPATH\CodeIgniter.php(366): CodeIgniter\CodeIgniter->handleRequest(null, Object(Config\Cache), false)
 9 FCPATH\index.php(67): CodeIgniter\CodeIgniter->run()
INFO - 2023-10-16 14:48:25 --> Session: Class initialized using 'CodeIgniter\Session\Handlers\FileHandler' driver.
CRITICAL - 2023-10-16 14:48:26 --> Undefined variable $PesquisarPacientes
in APPPATH\Views\pesquisarpacientes.php on line 23.
 1 APPPATH\Views\pesquisarpacientes.php(23): CodeIgniter\Debug\Exceptions->errorHandler(2, 'Undefined variable $PesquisarPacientes', 'C:\\xampp\\htdocs\\sinteag\\app\\Views\\pesquisarpacientes.php', 23)
 2 SYSTEMPATH\View\View.php(224): include('C:\\xampp\\htdocs\\sinteag\\app\\Views\\pesquisarpacientes.php')
 3 SYSTEMPATH\View\View.php(227): CodeIgniter\View\View->CodeIgniter\View\{closure}()
 4 SYSTEMPATH\Common.php(1176): CodeIgniter\View\View->render('pesquisarpacientes', [], true)
 5 APPPATH\Controllers\PesquisarPacientes.php(16): view('pesquisarpacientes', [...])
 6 SYSTEMPATH\CodeIgniter.php(932): App\Controllers\PesquisarPacientes->index()
 7 SYSTEMPATH\CodeIgniter.php(497): CodeIgniter\CodeIgniter->runController(Object(App\Controllers\PesquisarPacientes))
 8 SYSTEMPATH\CodeIgniter.php(366): CodeIgniter\CodeIgniter->handleRequest(null, Object(Config\Cache), false)
 9 FCPATH\index.php(67): CodeIgniter\CodeIgniter->run()
INFO - 2023-10-16 14:49:01 --> Session: Class initialized using 'CodeIgniter\Session\Handlers\FileHandler' driver.
INFO - 2023-10-16 14:54:58 --> Session: Class initialized using 'CodeIgniter\Session\Handlers\FileHandler' driver.
INFO - 2023-10-16 14:55:19 --> Session: Class initialized using 'CodeIgniter\Session\Handlers\FileHandler' driver.
ERROR - 2023-10-16 14:55:20 --> Error connecting to the database: mysqli_sql_exception: Unknown database 'sinteagx' in C:\xampp\htdocs\sinteag\system\Database\MySQLi\Connection.php:173
Stack trace:
#0 C:\xampp\htdocs\sinteag\system\Database\MySQLi\Connection.php(173): mysqli->real_connect('127.0.0.1', 'root', Object(SensitiveParameterValue), 'sinteagx', 3306, '', 0)
#1 C:\xampp\htdocs\sinteag\system\Database\BaseConnection.php(391): CodeIgniter\Database\MySQLi\Connection->connect(false)
#2 C:\xampp\htdocs\sinteag\system\Database\BaseConnection.php(574): CodeIgniter\Database\BaseConnection->initialize()
#3 C:\xampp\htdocs\sinteag\app\Controllers\PesquisarPacientes.php(12): CodeIgniter\Database\BaseConnection->query('SELECT Nome_Pac...')
#4 C:\xampp\htdocs\sinteag\system\CodeIgniter.php(932): App\Controllers\PesquisarPacientes->index()
#5 C:\xampp\htdocs\sinteag\system\CodeIgniter.php(497): CodeIgniter\CodeIgniter->runController(Object(App\Controllers\PesquisarPacientes))
#6 C:\xampp\htdocs\sinteag\system\CodeIgniter.php(366): CodeIgniter\CodeIgniter->handleRequest(NULL, Object(Config\Cache), false)
#7 C:\xampp\htdocs\sinteag\public\index.php(67): CodeIgniter\CodeIgniter->run()
#8 {main}

Next CodeIgniter\Database\Exceptions\DatabaseException: Unknown database 'sinteagx' in C:\xampp\htdocs\sinteag\system\Database\MySQLi\Connection.php:218
Stack trace:
#0 C:\xampp\htdocs\sinteag\system\Database\BaseConnection.php(391): CodeIgniter\Database\MySQLi\Connection->connect(false)
#1 C:\xampp\htdocs\sinteag\system\Database\BaseConnection.php(574): CodeIgniter\Database\BaseConnection->initialize()
#2 C:\xampp\htdocs\sinteag\app\Controllers\PesquisarPacientes.php(12): CodeIgniter\Database\BaseConnection->query('SELECT Nome_Pac...')
#3 C:\xampp\htdocs\sinteag\system\CodeIgniter.php(932): App\Controllers\PesquisarPacientes->index()
#4 C:\xampp\htdocs\sinteag\system\CodeIgniter.php(497): CodeIgniter\CodeIgniter->runController(Object(App\Controllers\PesquisarPacientes))
#5 C:\xampp\htdocs\sinteag\system\CodeIgniter.php(366): CodeIgniter\CodeIgniter->handleRequest(NULL, Object(Config\Cache), false)
#6 C:\xampp\htdocs\sinteag\public\index.php(67): CodeIgniter\CodeIgniter->run()
#7 {main}
CRITICAL - 2023-10-16 14:55:20 --> Unable to connect to the database.
Main connection [MySQLi]: Unknown database 'sinteagx'
in SYSTEMPATH\Database\BaseConnection.php on line 427.
 1 SYSTEMPATH\Database\BaseConnection.php(574): CodeIgniter\Database\BaseConnection->initialize()
 2 APPPATH\Controllers\PesquisarPacientes.php(12): CodeIgniter\Database\BaseConnection->query('SELECT Nome_Paciente, CPF, Telefone FROM pacientes')
 3 SYSTEMPATH\CodeIgniter.php(932): App\Controllers\PesquisarPacientes->index()
 4 SYSTEMPATH\CodeIgniter.php(497): CodeIgniter\CodeIgniter->runController(Object(App\Controllers\PesquisarPacientes))
 5 SYSTEMPATH\CodeIgniter.php(366): CodeIgniter\CodeIgniter->handleRequest(null, Object(Config\Cache), false)
 6 FCPATH\index.php(67): CodeIgniter\CodeIgniter->run()
INFO - 2023-10-16 14:55:53 --> Session: Class initialized using 'CodeIgniter\Session\Handlers\FileHandler' driver.
