INFO - 2023-10-23 11:39:15 --> Session: Class initialized using 'CodeIgniter\Session\Handlers\FileHandler' driver.
INFO - 2023-10-23 11:39:30 --> Session: Class initialized using 'CodeIgniter\Session\Handlers\FileHandler' driver.
INFO - 2023-10-23 11:39:33 --> Session: Class initialized using 'CodeIgniter\Session\Handlers\FileHandler' driver.
CRITICAL - 2023-10-23 11:39:33 --> Array callback must have exactly two elements
in APPPATH\Views\editarpaciente.php on line 8.
 1 SYSTEMPATH\View\View.php(224): include()
 2 SYSTEMPATH\View\View.php(227): CodeIgniter\View\View->CodeIgniter\View\{closure}()
 3 SYSTEMPATH\Common.php(1176): CodeIgniter\View\View->render('editarpaciente', [], true)
 4 APPPATH\Controllers\EditarPaciente.php(17): view('editarpaciente', [...])
 5 SYSTEMPATH\CodeIgniter.php(932): App\Controllers\EditarPaciente->index('4')
 6 SYSTEMPATH\CodeIgniter.php(497): CodeIgniter\CodeIgniter->runController(Object(App\Controllers\EditarPaciente))
 7 SYSTEMPATH\CodeIgniter.php(366): CodeIgniter\CodeIgniter->handleRequest(null, Object(Config\Cache), false)
 8 FCPATH\index.php(67): CodeIgniter\CodeIgniter->run()
INFO - 2023-10-23 11:41:32 --> Session: Class initialized using 'CodeIgniter\Session\Handlers\FileHandler' driver.
INFO - 2023-10-23 11:41:40 --> Session: Class initialized using 'CodeIgniter\Session\Handlers\FileHandler' driver.
CRITICAL - 2023-10-23 11:41:40 --> Trying to access array offset on value of type null
in APPPATH\Views\editarpaciente.php on line 7.
 1 APPPATH\Views\editarpaciente.php(7): CodeIgniter\Debug\Exceptions->errorHandler(2, 'Trying to access array offset on value of type null', 'C:\\xampp\\htdocs\\sinteag\\app\\Views\\editarpaciente.php', 7)
 2 SYSTEMPATH\View\View.php(224): include('C:\\xampp\\htdocs\\sinteag\\app\\Views\\editarpaciente.php')
 3 SYSTEMPATH\View\View.php(227): CodeIgniter\View\View->CodeIgniter\View\{closure}()
 4 SYSTEMPATH\Common.php(1176): CodeIgniter\View\View->render('editarpaciente', [], true)
 5 APPPATH\Controllers\EditarPaciente.php(17): view('editarpaciente', [...])
 6 SYSTEMPATH\CodeIgniter.php(932): App\Controllers\EditarPaciente->index('EditarPaciente', 'atualizar', '4')
 7 SYSTEMPATH\CodeIgniter.php(497): CodeIgniter\CodeIgniter->runController(Object(App\Controllers\EditarPaciente))
 8 SYSTEMPATH\CodeIgniter.php(366): CodeIgniter\CodeIgniter->handleRequest(null, Object(Config\Cache), false)
 9 FCPATH\index.php(67): CodeIgniter\CodeIgniter->run()
INFO - 2023-10-23 11:42:28 --> Session: Class initialized using 'CodeIgniter\Session\Handlers\FileHandler' driver.
INFO - 2023-10-23 11:43:15 --> Session: Class initialized using 'CodeIgniter\Session\Handlers\FileHandler' driver.
CRITICAL - 2023-10-23 11:43:15 --> Trying to access array offset on value of type null
in APPPATH\Views\editarpaciente.php on line 7.
 1 APPPATH\Views\editarpaciente.php(7): CodeIgniter\Debug\Exceptions->errorHandler(2, 'Trying to access array offset on value of type null', 'C:\\xampp\\htdocs\\sinteag\\app\\Views\\editarpaciente.php', 7)
 2 SYSTEMPATH\View\View.php(224): include('C:\\xampp\\htdocs\\sinteag\\app\\Views\\editarpaciente.php')
 3 SYSTEMPATH\View\View.php(227): CodeIgniter\View\View->CodeIgniter\View\{closure}()
 4 SYSTEMPATH\Common.php(1176): CodeIgniter\View\View->render('editarpaciente', [], true)
 5 APPPATH\Controllers\EditarPaciente.php(17): view('editarpaciente', [...])
 6 SYSTEMPATH\CodeIgniter.php(932): App\Controllers\EditarPaciente->index('EditarPaciente', 'atualizar', '4')
 7 SYSTEMPATH\CodeIgniter.php(497): CodeIgniter\CodeIgniter->runController(Object(App\Controllers\EditarPaciente))
 8 SYSTEMPATH\CodeIgniter.php(366): CodeIgniter\CodeIgniter->handleRequest(null, Object(Config\Cache), false)
 9 FCPATH\index.php(67): CodeIgniter\CodeIgniter->run()
INFO - 2023-10-23 11:50:58 --> Session: Class initialized using 'CodeIgniter\Session\Handlers\FileHandler' driver.
INFO - 2023-10-23 11:51:09 --> Session: Class initialized using 'CodeIgniter\Session\Handlers\FileHandler' driver.
CRITICAL - 2023-10-23 11:51:09 --> Trying to access array offset on value of type null
in APPPATH\Views\editarpaciente.php on line 7.
 1 APPPATH\Views\editarpaciente.php(7): CodeIgniter\Debug\Exceptions->errorHandler(2, 'Trying to access array offset on value of type null', 'C:\\xampp\\htdocs\\sinteag\\app\\Views\\editarpaciente.php', 7)
 2 SYSTEMPATH\View\View.php(224): include('C:\\xampp\\htdocs\\sinteag\\app\\Views\\editarpaciente.php')
 3 SYSTEMPATH\View\View.php(227): CodeIgniter\View\View->CodeIgniter\View\{closure}()
 4 SYSTEMPATH\Common.php(1176): CodeIgniter\View\View->render('editarpaciente', [], true)
 5 APPPATH\Controllers\EditarPaciente.php(17): view('editarpaciente', [...])
 6 SYSTEMPATH\CodeIgniter.php(932): App\Controllers\EditarPaciente->index('PesquisarConsultas')
 7 SYSTEMPATH\CodeIgniter.php(497): CodeIgniter\CodeIgniter->runController(Object(App\Controllers\EditarPaciente))
 8 SYSTEMPATH\CodeIgniter.php(366): CodeIgniter\CodeIgniter->handleRequest(null, Object(Config\Cache), false)
 9 FCPATH\index.php(67): CodeIgniter\CodeIgniter->run()
INFO - 2023-10-23 11:54:27 --> Session: Class initialized using 'CodeIgniter\Session\Handlers\FileHandler' driver.
INFO - 2023-10-23 11:54:32 --> Session: Class initialized using 'CodeIgniter\Session\Handlers\FileHandler' driver.
CRITICAL - 2023-10-23 11:54:32 --> Trying to access array offset on value of type null
in APPPATH\Views\editarpaciente.php on line 7.
 1 APPPATH\Views\editarpaciente.php(7): CodeIgniter\Debug\Exceptions->errorHandler(2, 'Trying to access array offset on value of type null', 'C:\\xampp\\htdocs\\sinteag\\app\\Views\\editarpaciente.php', 7)
 2 SYSTEMPATH\View\View.php(224): include('C:\\xampp\\htdocs\\sinteag\\app\\Views\\editarpaciente.php')
 3 SYSTEMPATH\View\View.php(227): CodeIgniter\View\View->CodeIgniter\View\{closure}()
 4 SYSTEMPATH\Common.php(1176): CodeIgniter\View\View->render('editarpaciente', [], true)
 5 APPPATH\Controllers\EditarPaciente.php(17): view('editarpaciente', [...])
 6 SYSTEMPATH\CodeIgniter.php(932): App\Controllers\EditarPaciente->index('PesquisarPacientes')
 7 SYSTEMPATH\CodeIgniter.php(497): CodeIgniter\CodeIgniter->runController(Object(App\Controllers\EditarPaciente))
 8 SYSTEMPATH\CodeIgniter.php(366): CodeIgniter\CodeIgniter->handleRequest(null, Object(Config\Cache), false)
 9 FCPATH\index.php(67): CodeIgniter\CodeIgniter->run()
INFO - 2023-10-23 11:54:45 --> Session: Class initialized using 'CodeIgniter\Session\Handlers\FileHandler' driver.
INFO - 2023-10-23 11:54:49 --> Session: Class initialized using 'CodeIgniter\Session\Handlers\FileHandler' driver.
CRITICAL - 2023-10-23 11:54:49 --> Trying to access array offset on value of type null
in APPPATH\Views\editarpaciente.php on line 7.
 1 APPPATH\Views\editarpaciente.php(7): CodeIgniter\Debug\Exceptions->errorHandler(2, 'Trying to access array offset on value of type null', 'C:\\xampp\\htdocs\\sinteag\\app\\Views\\editarpaciente.php', 7)
 2 SYSTEMPATH\View\View.php(224): include('C:\\xampp\\htdocs\\sinteag\\app\\Views\\editarpaciente.php')
 3 SYSTEMPATH\View\View.php(227): CodeIgniter\View\View->CodeIgniter\View\{closure}()
 4 SYSTEMPATH\Common.php(1176): CodeIgniter\View\View->render('editarpaciente', [], true)
 5 APPPATH\Controllers\EditarPaciente.php(17): view('editarpaciente', [...])
 6 SYSTEMPATH\CodeIgniter.php(932): App\Controllers\EditarPaciente->index('PesquisarPacientes')
 7 SYSTEMPATH\CodeIgniter.php(497): CodeIgniter\CodeIgniter->runController(Object(App\Controllers\EditarPaciente))
 8 SYSTEMPATH\CodeIgniter.php(366): CodeIgniter\CodeIgniter->handleRequest(null, Object(Config\Cache), false)
 9 FCPATH\index.php(67): CodeIgniter\CodeIgniter->run()
INFO - 2023-10-23 11:55:23 --> Session: Class initialized using 'CodeIgniter\Session\Handlers\FileHandler' driver.
INFO - 2023-10-23 11:55:26 --> Session: Class initialized using 'CodeIgniter\Session\Handlers\FileHandler' driver.
CRITICAL - 2023-10-23 11:55:26 --> Trying to access array offset on value of type null
in APPPATH\Views\editarpaciente.php on line 7.
 1 APPPATH\Views\editarpaciente.php(7): CodeIgniter\Debug\Exceptions->errorHandler(2, 'Trying to access array offset on value of type null', 'C:\\xampp\\htdocs\\sinteag\\app\\Views\\editarpaciente.php', 7)
 2 SYSTEMPATH\View\View.php(224): include('C:\\xampp\\htdocs\\sinteag\\app\\Views\\editarpaciente.php')
 3 SYSTEMPATH\View\View.php(227): CodeIgniter\View\View->CodeIgniter\View\{closure}()
 4 SYSTEMPATH\Common.php(1176): CodeIgniter\View\View->render('editarpaciente', [], true)
 5 APPPATH\Controllers\EditarPaciente.php(17): view('editarpaciente', [...])
 6 SYSTEMPATH\CodeIgniter.php(932): App\Controllers\EditarPaciente->index('PesquisarPacientes')
 7 SYSTEMPATH\CodeIgniter.php(497): CodeIgniter\CodeIgniter->runController(Object(App\Controllers\EditarPaciente))
 8 SYSTEMPATH\CodeIgniter.php(366): CodeIgniter\CodeIgniter->handleRequest(null, Object(Config\Cache), false)
 9 FCPATH\index.php(67): CodeIgniter\CodeIgniter->run()
INFO - 2023-10-23 11:55:29 --> Session: Class initialized using 'CodeIgniter\Session\Handlers\FileHandler' driver.
INFO - 2023-10-23 11:55:41 --> Session: Class initialized using 'CodeIgniter\Session\Handlers\FileHandler' driver.
CRITICAL - 2023-10-23 11:55:41 --> Trying to access array offset on value of type null
in APPPATH\Views\editarpaciente.php on line 7.
 1 APPPATH\Views\editarpaciente.php(7): CodeIgniter\Debug\Exceptions->errorHandler(2, 'Trying to access array offset on value of type null', 'C:\\xampp\\htdocs\\sinteag\\app\\Views\\editarpaciente.php', 7)
 2 SYSTEMPATH\View\View.php(224): include('C:\\xampp\\htdocs\\sinteag\\app\\Views\\editarpaciente.php')
 3 SYSTEMPATH\View\View.php(227): CodeIgniter\View\View->CodeIgniter\View\{closure}()
 4 SYSTEMPATH\Common.php(1176): CodeIgniter\View\View->render('editarpaciente', [], true)
 5 APPPATH\Controllers\EditarPaciente.php(17): view('editarpaciente', [...])
 6 SYSTEMPATH\CodeIgniter.php(932): App\Controllers\EditarPaciente->index('PesquisarConsultas')
 7 SYSTEMPATH\CodeIgniter.php(497): CodeIgniter\CodeIgniter->runController(Object(App\Controllers\EditarPaciente))
 8 SYSTEMPATH\CodeIgniter.php(366): CodeIgniter\CodeIgniter->handleRequest(null, Object(Config\Cache), false)
 9 FCPATH\index.php(67): CodeIgniter\CodeIgniter->run()
INFO - 2023-10-23 11:55:43 --> Session: Class initialized using 'CodeIgniter\Session\Handlers\FileHandler' driver.
INFO - 2023-10-23 11:55:46 --> Session: Class initialized using 'CodeIgniter\Session\Handlers\FileHandler' driver.
CRITICAL - 2023-10-23 11:55:46 --> Trying to access array offset on value of type null
in APPPATH\Views\editarpaciente.php on line 7.
 1 APPPATH\Views\editarpaciente.php(7): CodeIgniter\Debug\Exceptions->errorHandler(2, 'Trying to access array offset on value of type null', 'C:\\xampp\\htdocs\\sinteag\\app\\Views\\editarpaciente.php', 7)
 2 SYSTEMPATH\View\View.php(224): include('C:\\xampp\\htdocs\\sinteag\\app\\Views\\editarpaciente.php')
 3 SYSTEMPATH\View\View.php(227): CodeIgniter\View\View->CodeIgniter\View\{closure}()
 4 SYSTEMPATH\Common.php(1176): CodeIgniter\View\View->render('editarpaciente', [], true)
 5 APPPATH\Controllers\EditarPaciente.php(17): view('editarpaciente', [...])
 6 SYSTEMPATH\CodeIgniter.php(932): App\Controllers\EditarPaciente->index('PesquisarPacientes')
 7 SYSTEMPATH\CodeIgniter.php(497): CodeIgniter\CodeIgniter->runController(Object(App\Controllers\EditarPaciente))
 8 SYSTEMPATH\CodeIgniter.php(366): CodeIgniter\CodeIgniter->handleRequest(null, Object(Config\Cache), false)
 9 FCPATH\index.php(67): CodeIgniter\CodeIgniter->run()
INFO - 2023-10-23 12:00:57 --> Session: Class initialized using 'CodeIgniter\Session\Handlers\FileHandler' driver.
INFO - 2023-10-23 12:01:03 --> Session: Class initialized using 'CodeIgniter\Session\Handlers\FileHandler' driver.
CRITICAL - 2023-10-23 12:01:03 --> Trying to access array offset on value of type null
in APPPATH\Views\editarpaciente.php on line 7.
 1 APPPATH\Views\editarpaciente.php(7): CodeIgniter\Debug\Exceptions->errorHandler(2, 'Trying to access array offset on value of type null', 'C:\\xampp\\htdocs\\sinteag\\app\\Views\\editarpaciente.php', 7)
 2 SYSTEMPATH\View\View.php(224): include('C:\\xampp\\htdocs\\sinteag\\app\\Views\\editarpaciente.php')
 3 SYSTEMPATH\View\View.php(227): CodeIgniter\View\View->CodeIgniter\View\{closure}()
 4 SYSTEMPATH\Common.php(1176): CodeIgniter\View\View->render('editarpaciente', [], true)
 5 APPPATH\Controllers\EditarPaciente.php(17): view('editarpaciente', [...])
 6 SYSTEMPATH\CodeIgniter.php(932): App\Controllers\EditarPaciente->index('PesquisarPacientes')
 7 SYSTEMPATH\CodeIgniter.php(497): CodeIgniter\CodeIgniter->runController(Object(App\Controllers\EditarPaciente))
 8 SYSTEMPATH\CodeIgniter.php(366): CodeIgniter\CodeIgniter->handleRequest(null, Object(Config\Cache), false)
 9 FCPATH\index.php(67): CodeIgniter\CodeIgniter->run()
INFO - 2023-10-23 12:01:16 --> Session: Class initialized using 'CodeIgniter\Session\Handlers\FileHandler' driver.
CRITICAL - 2023-10-23 12:01:16 --> Trying to access array offset on value of type null
in APPPATH\Views\editarpaciente.php on line 7.
 1 APPPATH\Views\editarpaciente.php(7): CodeIgniter\Debug\Exceptions->errorHandler(2, 'Trying to access array offset on value of type null', 'C:\\xampp\\htdocs\\sinteag\\app\\Views\\editarpaciente.php', 7)
 2 SYSTEMPATH\View\View.php(224): include('C:\\xampp\\htdocs\\sinteag\\app\\Views\\editarpaciente.php')
 3 SYSTEMPATH\View\View.php(227): CodeIgniter\View\View->CodeIgniter\View\{closure}()
 4 SYSTEMPATH\Common.php(1176): CodeIgniter\View\View->render('editarpaciente', [], true)
 5 APPPATH\Controllers\EditarPaciente.php(17): view('editarpaciente', [...])
 6 SYSTEMPATH\CodeIgniter.php(932): App\Controllers\EditarPaciente->index('PesquisarPacientes')
 7 SYSTEMPATH\CodeIgniter.php(497): CodeIgniter\CodeIgniter->runController(Object(App\Controllers\EditarPaciente))
 8 SYSTEMPATH\CodeIgniter.php(366): CodeIgniter\CodeIgniter->handleRequest(null, Object(Config\Cache), false)
 9 FCPATH\index.php(67): CodeIgniter\CodeIgniter->run()
INFO - 2023-10-23 12:01:17 --> Session: Class initialized using 'CodeIgniter\Session\Handlers\FileHandler' driver.
INFO - 2023-10-23 12:01:29 --> Session: Class initialized using 'CodeIgniter\Session\Handlers\FileHandler' driver.
INFO - 2023-10-23 12:01:32 --> Session: Class initialized using 'CodeIgniter\Session\Handlers\FileHandler' driver.
INFO - 2023-10-23 12:11:07 --> Session: Class initialized using 'CodeIgniter\Session\Handlers\FileHandler' driver.
CRITICAL - 2023-10-23 12:11:08 --> Undefined variable $id
in APPPATH\Views\editarpaciente.php on line 7.
 1 APPPATH\Views\editarpaciente.php(7): CodeIgniter\Debug\Exceptions->errorHandler(2, 'Undefined variable $id', 'C:\\xampp\\htdocs\\sinteag\\app\\Views\\editarpaciente.php', 7)
 2 SYSTEMPATH\View\View.php(224): include('C:\\xampp\\htdocs\\sinteag\\app\\Views\\editarpaciente.php')
 3 SYSTEMPATH\View\View.php(227): CodeIgniter\View\View->CodeIgniter\View\{closure}()
 4 SYSTEMPATH\Common.php(1176): CodeIgniter\View\View->render('editarpaciente', [], true)
 5 APPPATH\Controllers\EditarPaciente.php(17): view('editarpaciente', [...])
 6 SYSTEMPATH\CodeIgniter.php(932): App\Controllers\EditarPaciente->index('4')
 7 SYSTEMPATH\CodeIgniter.php(497): CodeIgniter\CodeIgniter->runController(Object(App\Controllers\EditarPaciente))
 8 SYSTEMPATH\CodeIgniter.php(366): CodeIgniter\CodeIgniter->handleRequest(null, Object(Config\Cache), false)
 9 FCPATH\index.php(67): CodeIgniter\CodeIgniter->run()
INFO - 2023-10-23 12:13:02 --> Session: Class initialized using 'CodeIgniter\Session\Handlers\FileHandler' driver.
INFO - 2023-10-23 12:13:07 --> Session: Class initialized using 'CodeIgniter\Session\Handlers\FileHandler' driver.
INFO - 2023-10-23 12:13:28 --> Session: Class initialized using 'CodeIgniter\Session\Handlers\FileHandler' driver.
CRITICAL - 2023-10-23 12:13:28 --> Trying to access array offset on value of type null
in APPPATH\Views\editarpaciente.php on line 7.
 1 APPPATH\Views\editarpaciente.php(7): CodeIgniter\Debug\Exceptions->errorHandler(2, 'Trying to access array offset on value of type null', 'C:\\xampp\\htdocs\\sinteag\\app\\Views\\editarpaciente.php', 7)
 2 SYSTEMPATH\View\View.php(224): include('C:\\xampp\\htdocs\\sinteag\\app\\Views\\editarpaciente.php')
 3 SYSTEMPATH\View\View.php(227): CodeIgniter\View\View->CodeIgniter\View\{closure}()
 4 SYSTEMPATH\Common.php(1176): CodeIgniter\View\View->render('editarpaciente', [], true)
 5 APPPATH\Controllers\EditarPaciente.php(17): view('editarpaciente', [...])
 6 SYSTEMPATH\CodeIgniter.php(932): App\Controllers\EditarPaciente->index('EditarPaciente', 'atualizar', '3')
 7 SYSTEMPATH\CodeIgniter.php(497): CodeIgniter\CodeIgniter->runController(Object(App\Controllers\EditarPaciente))
 8 SYSTEMPATH\CodeIgniter.php(366): CodeIgniter\CodeIgniter->handleRequest(null, Object(Config\Cache), false)
 9 FCPATH\index.php(67): CodeIgniter\CodeIgniter->run()
INFO - 2023-10-23 12:14:07 --> Session: Class initialized using 'CodeIgniter\Session\Handlers\FileHandler' driver.
CRITICAL - 2023-10-23 12:14:07 --> Trying to access array offset on value of type null
in APPPATH\Views\editarpaciente.php on line 7.
 1 APPPATH\Views\editarpaciente.php(7): CodeIgniter\Debug\Exceptions->errorHandler(2, 'Trying to access array offset on value of type null', 'C:\\xampp\\htdocs\\sinteag\\app\\Views\\editarpaciente.php', 7)
 2 SYSTEMPATH\View\View.php(224): include('C:\\xampp\\htdocs\\sinteag\\app\\Views\\editarpaciente.php')
 3 SYSTEMPATH\View\View.php(227): CodeIgniter\View\View->CodeIgniter\View\{closure}()
 4 SYSTEMPATH\Common.php(1176): CodeIgniter\View\View->render('editarpaciente', [], true)
 5 APPPATH\Controllers\EditarPaciente.php(17): view('editarpaciente', [...])
 6 SYSTEMPATH\CodeIgniter.php(932): App\Controllers\EditarPaciente->index('home')
 7 SYSTEMPATH\CodeIgniter.php(497): CodeIgniter\CodeIgniter->runController(Object(App\Controllers\EditarPaciente))
 8 SYSTEMPATH\CodeIgniter.php(366): CodeIgniter\CodeIgniter->handleRequest(null, Object(Config\Cache), false)
 9 FCPATH\index.php(67): CodeIgniter\CodeIgniter->run()
INFO - 2023-10-23 12:14:21 --> Session: Class initialized using 'CodeIgniter\Session\Handlers\FileHandler' driver.
INFO - 2023-10-23 12:14:49 --> Session: Class initialized using 'CodeIgniter\Session\Handlers\FileHandler' driver.
INFO - 2023-10-23 12:14:53 --> Session: Class initialized using 'CodeIgniter\Session\Handlers\FileHandler' driver.
INFO - 2023-10-23 12:15:09 --> Session: Class initialized using 'CodeIgniter\Session\Handlers\FileHandler' driver.
CRITICAL - 2023-10-23 12:15:09 --> Trying to access array offset on value of type null
in APPPATH\Views\editarpaciente.php on line 7.
 1 APPPATH\Views\editarpaciente.php(7): CodeIgniter\Debug\Exceptions->errorHandler(2, 'Trying to access array offset on value of type null', 'C:\\xampp\\htdocs\\sinteag\\app\\Views\\editarpaciente.php', 7)
 2 SYSTEMPATH\View\View.php(224): include('C:\\xampp\\htdocs\\sinteag\\app\\Views\\editarpaciente.php')
 3 SYSTEMPATH\View\View.php(227): CodeIgniter\View\View->CodeIgniter\View\{closure}()
 4 SYSTEMPATH\Common.php(1176): CodeIgniter\View\View->render('editarpaciente', [], true)
 5 APPPATH\Controllers\EditarPaciente.php(17): view('editarpaciente', [...])
 6 SYSTEMPATH\CodeIgniter.php(932): App\Controllers\EditarPaciente->index('EditarPaciente', 'atualizar', '4')
 7 SYSTEMPATH\CodeIgniter.php(497): CodeIgniter\CodeIgniter->runController(Object(App\Controllers\EditarPaciente))
 8 SYSTEMPATH\CodeIgniter.php(366): CodeIgniter\CodeIgniter->handleRequest(null, Object(Config\Cache), false)
 9 FCPATH\index.php(67): CodeIgniter\CodeIgniter->run()
INFO - 2023-10-23 12:21:19 --> Session: Class initialized using 'CodeIgniter\Session\Handlers\FileHandler' driver.
CRITICAL - 2023-10-23 12:21:21 --> Trying to access array offset on value of type null
in APPPATH\Views\editarpaciente.php on line 4.
 1 APPPATH\Views\editarpaciente.php(4): CodeIgniter\Debug\Exceptions->errorHandler(2, 'Trying to access array offset on value of type null', 'C:\\xampp\\htdocs\\sinteag\\app\\Views\\editarpaciente.php', 4)
 2 SYSTEMPATH\View\View.php(224): include('C:\\xampp\\htdocs\\sinteag\\app\\Views\\editarpaciente.php')
 3 SYSTEMPATH\View\View.php(227): CodeIgniter\View\View->CodeIgniter\View\{closure}()
 4 SYSTEMPATH\Common.php(1176): CodeIgniter\View\View->render('editarpaciente', [], true)
 5 APPPATH\Controllers\EditarPaciente.php(17): view('editarpaciente', [...])
 6 SYSTEMPATH\CodeIgniter.php(932): App\Controllers\EditarPaciente->index('EditarPaciente', 'atualizar', '4')
 7 SYSTEMPATH\CodeIgniter.php(497): CodeIgniter\CodeIgniter->runController(Object(App\Controllers\EditarPaciente))
 8 SYSTEMPATH\CodeIgniter.php(366): CodeIgniter\CodeIgniter->handleRequest(null, Object(Config\Cache), false)
 9 FCPATH\index.php(67): CodeIgniter\CodeIgniter->run()
INFO - 2023-10-23 12:22:12 --> Session: Class initialized using 'CodeIgniter\Session\Handlers\FileHandler' driver.
INFO - 2023-10-23 12:23:21 --> Session: Class initialized using 'CodeIgniter\Session\Handlers\FileHandler' driver.
INFO - 2023-10-23 12:24:01 --> Session: Class initialized using 'CodeIgniter\Session\Handlers\FileHandler' driver.
INFO - 2023-10-23 12:24:19 --> Session: Class initialized using 'CodeIgniter\Session\Handlers\FileHandler' driver.
INFO - 2023-10-23 12:26:57 --> Session: Class initialized using 'CodeIgniter\Session\Handlers\FileHandler' driver.
INFO - 2023-10-23 12:27:26 --> Session: Class initialized using 'CodeIgniter\Session\Handlers\FileHandler' driver.
INFO - 2023-10-23 12:31:22 --> Session: Class initialized using 'CodeIgniter\Session\Handlers\FileHandler' driver.
INFO - 2023-10-23 12:32:35 --> Session: Class initialized using 'CodeIgniter\Session\Handlers\FileHandler' driver.
INFO - 2023-10-23 12:33:04 --> Session: Class initialized using 'CodeIgniter\Session\Handlers\FileHandler' driver.
CRITICAL - 2023-10-23 12:33:04 --> Trying to access array offset on value of type null
in APPPATH\Views\editarpaciente.php on line 9.
 1 APPPATH\Views\editarpaciente.php(9): CodeIgniter\Debug\Exceptions->errorHandler(2, 'Trying to access array offset on value of type null', 'C:\\xampp\\htdocs\\sinteag\\app\\Views\\editarpaciente.php', 9)
 2 SYSTEMPATH\View\View.php(224): include('C:\\xampp\\htdocs\\sinteag\\app\\Views\\editarpaciente.php')
 3 SYSTEMPATH\View\View.php(227): CodeIgniter\View\View->CodeIgniter\View\{closure}()
 4 SYSTEMPATH\Common.php(1176): CodeIgniter\View\View->render('editarpaciente', [], true)
 5 APPPATH\Controllers\EditarPaciente.php(18): view('editarpaciente', [...])
 6 SYSTEMPATH\CodeIgniter.php(932): App\Controllers\EditarPaciente->index('EditarPaciente', 'atualizar', '4')
 7 SYSTEMPATH\CodeIgniter.php(497): CodeIgniter\CodeIgniter->runController(Object(App\Controllers\EditarPaciente))
 8 SYSTEMPATH\CodeIgniter.php(366): CodeIgniter\CodeIgniter->handleRequest(null, Object(Config\Cache), false)
 9 FCPATH\index.php(67): CodeIgniter\CodeIgniter->run()
INFO - 2023-10-23 12:33:53 --> Session: Class initialized using 'CodeIgniter\Session\Handlers\FileHandler' driver.
INFO - 2023-10-23 12:34:46 --> Session: Class initialized using 'CodeIgniter\Session\Handlers\FileHandler' driver.
CRITICAL - 2023-10-23 12:34:46 --> Too few arguments to function App\Controllers\EditarPaciente::index(), 0 passed in C:\xampp\htdocs\sinteag\system\CodeIgniter.php on line 932 and exactly 1 expected
in APPPATH\Controllers\EditarPaciente.php on line 8.
 1 SYSTEMPATH\CodeIgniter.php(932): App\Controllers\EditarPaciente->index()
 2 SYSTEMPATH\CodeIgniter.php(497): CodeIgniter\CodeIgniter->runController(Object(App\Controllers\EditarPaciente))
 3 SYSTEMPATH\CodeIgniter.php(366): CodeIgniter\CodeIgniter->handleRequest(null, Object(Config\Cache), false)
 4 FCPATH\index.php(67): CodeIgniter\CodeIgniter->run()
INFO - 2023-10-23 12:35:01 --> Session: Class initialized using 'CodeIgniter\Session\Handlers\FileHandler' driver.
INFO - 2023-10-23 12:35:28 --> Session: Class initialized using 'CodeIgniter\Session\Handlers\FileHandler' driver.
CRITICAL - 2023-10-23 12:35:28 --> Trying to access array offset on value of type null
in APPPATH\Views\editarpaciente.php on line 9.
 1 APPPATH\Views\editarpaciente.php(9): CodeIgniter\Debug\Exceptions->errorHandler(2, 'Trying to access array offset on value of type null', 'C:\\xampp\\htdocs\\sinteag\\app\\Views\\editarpaciente.php', 9)
 2 SYSTEMPATH\View\View.php(224): include('C:\\xampp\\htdocs\\sinteag\\app\\Views\\editarpaciente.php')
 3 SYSTEMPATH\View\View.php(227): CodeIgniter\View\View->CodeIgniter\View\{closure}()
 4 SYSTEMPATH\Common.php(1176): CodeIgniter\View\View->render('editarpaciente', [], true)
 5 APPPATH\Controllers\EditarPaciente.php(18): view('editarpaciente', [...])
 6 SYSTEMPATH\CodeIgniter.php(932): App\Controllers\EditarPaciente->index('atualizar', '4')
 7 SYSTEMPATH\CodeIgniter.php(497): CodeIgniter\CodeIgniter->runController(Object(App\Controllers\EditarPaciente))
 8 SYSTEMPATH\CodeIgniter.php(366): CodeIgniter\CodeIgniter->handleRequest(null, Object(Config\Cache), false)
 9 FCPATH\index.php(67): CodeIgniter\CodeIgniter->run()
INFO - 2023-10-23 12:35:39 --> Session: Class initialized using 'CodeIgniter\Session\Handlers\FileHandler' driver.
INFO - 2023-10-23 12:35:42 --> Session: Class initialized using 'CodeIgniter\Session\Handlers\FileHandler' driver.
INFO - 2023-10-23 12:35:52 --> Session: Class initialized using 'CodeIgniter\Session\Handlers\FileHandler' driver.
CRITICAL - 2023-10-23 12:35:52 --> Trying to access array offset on value of type null
in APPPATH\Views\editarpaciente.php on line 9.
 1 APPPATH\Views\editarpaciente.php(9): CodeIgniter\Debug\Exceptions->errorHandler(2, 'Trying to access array offset on value of type null', 'C:\\xampp\\htdocs\\sinteag\\app\\Views\\editarpaciente.php', 9)
 2 SYSTEMPATH\View\View.php(224): include('C:\\xampp\\htdocs\\sinteag\\app\\Views\\editarpaciente.php')
 3 SYSTEMPATH\View\View.php(227): CodeIgniter\View\View->CodeIgniter\View\{closure}()
 4 SYSTEMPATH\Common.php(1176): CodeIgniter\View\View->render('editarpaciente', [], true)
 5 APPPATH\Controllers\EditarPaciente.php(18): view('editarpaciente', [...])
 6 SYSTEMPATH\CodeIgniter.php(932): App\Controllers\EditarPaciente->index('atualizar', '4')
 7 SYSTEMPATH\CodeIgniter.php(497): CodeIgniter\CodeIgniter->runController(Object(App\Controllers\EditarPaciente))
 8 SYSTEMPATH\CodeIgniter.php(366): CodeIgniter\CodeIgniter->handleRequest(null, Object(Config\Cache), false)
 9 FCPATH\index.php(67): CodeIgniter\CodeIgniter->run()
INFO - 2023-10-23 12:37:03 --> Session: Class initialized using 'CodeIgniter\Session\Handlers\FileHandler' driver.
CRITICAL - 2023-10-23 12:37:03 --> Trying to access array offset on value of type null
in APPPATH\Views\editarpaciente.php on line 9.
 1 APPPATH\Views\editarpaciente.php(9): CodeIgniter\Debug\Exceptions->errorHandler(2, 'Trying to access array offset on value of type null', 'C:\\xampp\\htdocs\\sinteag\\app\\Views\\editarpaciente.php', 9)
 2 SYSTEMPATH\View\View.php(224): include('C:\\xampp\\htdocs\\sinteag\\app\\Views\\editarpaciente.php')
 3 SYSTEMPATH\View\View.php(227): CodeIgniter\View\View->CodeIgniter\View\{closure}()
 4 SYSTEMPATH\Common.php(1176): CodeIgniter\View\View->render('editarpaciente', [], true)
 5 APPPATH\Controllers\EditarPaciente.php(18): view('editarpaciente', [...])
 6 SYSTEMPATH\CodeIgniter.php(932): App\Controllers\EditarPaciente->index('atualizar', '4')
 7 SYSTEMPATH\CodeIgniter.php(497): CodeIgniter\CodeIgniter->runController(Object(App\Controllers\EditarPaciente))
 8 SYSTEMPATH\CodeIgniter.php(366): CodeIgniter\CodeIgniter->handleRequest(null, Object(Config\Cache), false)
 9 FCPATH\index.php(67): CodeIgniter\CodeIgniter->run()
INFO - 2023-10-23 12:37:05 --> Session: Class initialized using 'CodeIgniter\Session\Handlers\FileHandler' driver.
INFO - 2023-10-23 12:37:08 --> Session: Class initialized using 'CodeIgniter\Session\Handlers\FileHandler' driver.
INFO - 2023-10-23 12:37:14 --> Session: Class initialized using 'CodeIgniter\Session\Handlers\FileHandler' driver.
ERROR - 2023-10-23 12:37:15 --> mysqli_sql_exception: You have an error in your SQL syntax; check the manual that corresponds to your MariaDB server version for the right syntax to use near 'FROM pacientes WHERE Id_Paciente = '4'' at line 1 in C:\xampp\htdocs\sinteag\system\Database\MySQLi\Connection.php:295
Stack trace:
#0 C:\xampp\htdocs\sinteag\system\Database\MySQLi\Connection.php(295): mysqli->query('UPDATE Nome_Pac...', 0)
#1 C:\xampp\htdocs\sinteag\system\Database\BaseConnection.php(692): CodeIgniter\Database\MySQLi\Connection->execute('UPDATE Nome_Pac...')
#2 C:\xampp\htdocs\sinteag\system\Database\BaseConnection.php(606): CodeIgniter\Database\BaseConnection->simpleQuery('UPDATE Nome_Pac...')
#3 C:\xampp\htdocs\sinteag\app\Controllers\EditarPaciente.php(25): CodeIgniter\Database\BaseConnection->query('UPDATE Nome_Pac...')
#4 C:\xampp\htdocs\sinteag\system\CodeIgniter.php(932): App\Controllers\EditarPaciente->atualizar('4')
#5 C:\xampp\htdocs\sinteag\system\CodeIgniter.php(497): CodeIgniter\CodeIgniter->runController(Object(App\Controllers\EditarPaciente))
#6 C:\xampp\htdocs\sinteag\system\CodeIgniter.php(366): CodeIgniter\CodeIgniter->handleRequest(NULL, Object(Config\Cache), false)
#7 C:\xampp\htdocs\sinteag\public\index.php(67): CodeIgniter\CodeIgniter->run()
#8 {main}
CRITICAL - 2023-10-23 12:37:15 --> You have an error in your SQL syntax; check the manual that corresponds to your MariaDB server version for the right syntax to use near 'FROM pacientes WHERE Id_Paciente = '4'' at line 1
in SYSTEMPATH\Database\MySQLi\Connection.php on line 295.
 1 SYSTEMPATH\Database\MySQLi\Connection.php(295): mysqli->query('UPDATE Nome_Paciente, CPF, Data_Nascimento, CEP, Logradouro, Bairro, Cidade, UF, Numero, Complemento, Telefone, OBS FROM pacientes WHERE Id_Paciente = \'4\'', 0)
 2 SYSTEMPATH\Database\BaseConnection.php(692): CodeIgniter\Database\MySQLi\Connection->execute('UPDATE Nome_Paciente, CPF, Data_Nascimento, CEP, Logradouro, Bairro, Cidade, UF, Numero, Complemento, Telefone, OBS FROM pacientes WHERE Id_Paciente = \'4\'')
 3 SYSTEMPATH\Database\BaseConnection.php(606): CodeIgniter\Database\BaseConnection->simpleQuery('UPDATE Nome_Paciente, CPF, Data_Nascimento, CEP, Logradouro, Bairro, Cidade, UF, Numero, Complemento, Telefone, OBS FROM pacientes WHERE Id_Paciente = \'4\'')
 4 APPPATH\Controllers\EditarPaciente.php(25): CodeIgniter\Database\BaseConnection->query('UPDATE Nome_Paciente, CPF, Data_Nascimento, CEP, Logradouro, Bairro, Cidade, UF, Numero, Complemento, Telefone, OBS FROM pacientes WHERE Id_Paciente = \'4\'')
 5 SYSTEMPATH\CodeIgniter.php(932): App\Controllers\EditarPaciente->atualizar('4')
 6 SYSTEMPATH\CodeIgniter.php(497): CodeIgniter\CodeIgniter->runController(Object(App\Controllers\EditarPaciente))
 7 SYSTEMPATH\CodeIgniter.php(366): CodeIgniter\CodeIgniter->handleRequest(null, Object(Config\Cache), false)
 8 FCPATH\index.php(67): CodeIgniter\CodeIgniter->run()
INFO - 2023-10-23 12:37:56 --> Session: Class initialized using 'CodeIgniter\Session\Handlers\FileHandler' driver.
INFO - 2023-10-23 12:39:06 --> Session: Class initialized using 'CodeIgniter\Session\Handlers\FileHandler' driver.
INFO - 2023-10-23 12:40:14 --> Session: Class initialized using 'CodeIgniter\Session\Handlers\FileHandler' driver.
INFO - 2023-10-23 12:40:18 --> Session: Class initialized using 'CodeIgniter\Session\Handlers\FileHandler' driver.
INFO - 2023-10-23 12:40:22 --> Session: Class initialized using 'CodeIgniter\Session\Handlers\FileHandler' driver.
INFO - 2023-10-23 12:40:27 --> Session: Class initialized using 'CodeIgniter\Session\Handlers\FileHandler' driver.
INFO - 2023-10-23 12:40:29 --> Session: Class initialized using 'CodeIgniter\Session\Handlers\FileHandler' driver.
INFO - 2023-10-23 12:40:31 --> Session: Class initialized using 'CodeIgniter\Session\Handlers\FileHandler' driver.
INFO - 2023-10-23 12:40:34 --> Session: Class initialized using 'CodeIgniter\Session\Handlers\FileHandler' driver.
INFO - 2023-10-23 12:43:04 --> Session: Class initialized using 'CodeIgniter\Session\Handlers\FileHandler' driver.
INFO - 2023-10-23 12:43:06 --> Session: Class initialized using 'CodeIgniter\Session\Handlers\FileHandler' driver.
INFO - 2023-10-23 12:43:13 --> Session: Class initialized using 'CodeIgniter\Session\Handlers\FileHandler' driver.
INFO - 2023-10-23 12:47:16 --> Session: Class initialized using 'CodeIgniter\Session\Handlers\FileHandler' driver.
INFO - 2023-10-23 12:49:09 --> Session: Class initialized using 'CodeIgniter\Session\Handlers\FileHandler' driver.
INFO - 2023-10-23 12:53:38 --> Session: Class initialized using 'CodeIgniter\Session\Handlers\FileHandler' driver.
INFO - 2023-10-23 12:53:43 --> Session: Class initialized using 'CodeIgniter\Session\Handlers\FileHandler' driver.
INFO - 2023-10-23 12:54:06 --> Session: Class initialized using 'CodeIgniter\Session\Handlers\FileHandler' driver.
INFO - 2023-10-23 13:01:56 --> Session: Class initialized using 'CodeIgniter\Session\Handlers\FileHandler' driver.
CRITICAL - 2023-10-23 13:01:57 --> Undefined array key "Nome_Paciente"
in APPPATH\Controllers\EditarPaciente.php on line 32.
 1 APPPATH\Controllers\EditarPaciente.php(32): CodeIgniter\Debug\Exceptions->errorHandler(2, 'Undefined array key "Nome_Paciente"', 'C:\\xampp\\htdocs\\sinteag\\app\\Controllers\\EditarPaciente.php', 32)
 2 SYSTEMPATH\CodeIgniter.php(932): App\Controllers\EditarPaciente->atualizar('4')
 3 SYSTEMPATH\CodeIgniter.php(497): CodeIgniter\CodeIgniter->runController(Object(App\Controllers\EditarPaciente))
 4 SYSTEMPATH\CodeIgniter.php(366): CodeIgniter\CodeIgniter->handleRequest(null, Object(Config\Cache), false)
 5 FCPATH\index.php(67): CodeIgniter\CodeIgniter->run()
INFO - 2023-10-23 13:02:21 --> Session: Class initialized using 'CodeIgniter\Session\Handlers\FileHandler' driver.
CRITICAL - 2023-10-23 13:02:21 --> Undefined array key "Nome_Paciente"
in APPPATH\Controllers\EditarPaciente.php on line 29.
 1 APPPATH\Controllers\EditarPaciente.php(29): CodeIgniter\Debug\Exceptions->errorHandler(2, 'Undefined array key "Nome_Paciente"', 'C:\\xampp\\htdocs\\sinteag\\app\\Controllers\\EditarPaciente.php', 29)
 2 SYSTEMPATH\CodeIgniter.php(932): App\Controllers\EditarPaciente->atualizar('4')
 3 SYSTEMPATH\CodeIgniter.php(497): CodeIgniter\CodeIgniter->runController(Object(App\Controllers\EditarPaciente))
 4 SYSTEMPATH\CodeIgniter.php(366): CodeIgniter\CodeIgniter->handleRequest(null, Object(Config\Cache), false)
 5 FCPATH\index.php(67): CodeIgniter\CodeIgniter->run()
INFO - 2023-10-23 13:02:24 --> Session: Class initialized using 'CodeIgniter\Session\Handlers\FileHandler' driver.
INFO - 2023-10-23 13:02:27 --> Session: Class initialized using 'CodeIgniter\Session\Handlers\FileHandler' driver.
INFO - 2023-10-23 13:02:30 --> Session: Class initialized using 'CodeIgniter\Session\Handlers\FileHandler' driver.
CRITICAL - 2023-10-23 13:02:30 --> Undefined array key "Nome_Paciente"
in APPPATH\Controllers\EditarPaciente.php on line 29.
 1 APPPATH\Controllers\EditarPaciente.php(29): CodeIgniter\Debug\Exceptions->errorHandler(2, 'Undefined array key "Nome_Paciente"', 'C:\\xampp\\htdocs\\sinteag\\app\\Controllers\\EditarPaciente.php', 29)
 2 SYSTEMPATH\CodeIgniter.php(932): App\Controllers\EditarPaciente->atualizar('4')
 3 SYSTEMPATH\CodeIgniter.php(497): CodeIgniter\CodeIgniter->runController(Object(App\Controllers\EditarPaciente))
 4 SYSTEMPATH\CodeIgniter.php(366): CodeIgniter\CodeIgniter->handleRequest(null, Object(Config\Cache), false)
 5 FCPATH\index.php(67): CodeIgniter\CodeIgniter->run()
INFO - 2023-10-23 13:02:45 --> Session: Class initialized using 'CodeIgniter\Session\Handlers\FileHandler' driver.
INFO - 2023-10-23 13:06:43 --> Session: Class initialized using 'CodeIgniter\Session\Handlers\FileHandler' driver.
INFO - 2023-10-23 13:06:54 --> Session: Class initialized using 'CodeIgniter\Session\Handlers\FileHandler' driver.
ERROR - 2023-10-23 13:06:54 --> mysqli_sql_exception: You have an error in your SQL syntax; check the manual that corresponds to your MariaDB server version for the right syntax to use near 'Carlos,
        CPF = 22222233344,
        Data_Nascimento = 1993-11-01,
 ...' at line 2 in C:\xampp\htdocs\sinteag\system\Database\MySQLi\Connection.php:295
Stack trace:
#0 C:\xampp\htdocs\sinteag\system\Database\MySQLi\Connection.php(295): mysqli->query('UPDATE paciente...', 0)
#1 C:\xampp\htdocs\sinteag\system\Database\BaseConnection.php(692): CodeIgniter\Database\MySQLi\Connection->execute('UPDATE paciente...')
#2 C:\xampp\htdocs\sinteag\system\Database\BaseConnection.php(606): CodeIgniter\Database\BaseConnection->simpleQuery('UPDATE paciente...')
#3 C:\xampp\htdocs\sinteag\app\Controllers\EditarPaciente.php(31): CodeIgniter\Database\BaseConnection->query('UPDATE paciente...')
#4 C:\xampp\htdocs\sinteag\system\CodeIgniter.php(932): App\Controllers\EditarPaciente->atualizar('4')
#5 C:\xampp\htdocs\sinteag\system\CodeIgniter.php(497): CodeIgniter\CodeIgniter->runController(Object(App\Controllers\EditarPaciente))
#6 C:\xampp\htdocs\sinteag\system\CodeIgniter.php(366): CodeIgniter\CodeIgniter->handleRequest(NULL, Object(Config\Cache), false)
#7 C:\xampp\htdocs\sinteag\public\index.php(67): CodeIgniter\CodeIgniter->run()
#8 {main}
CRITICAL - 2023-10-23 13:06:54 --> You have an error in your SQL syntax; check the manual that corresponds to your MariaDB server version for the right syntax to use near 'Carlos,
        CPF = 22222233344,
        Data_Nascimento = 1993-11-01,
 ...' at line 2
in SYSTEMPATH\Database\MySQLi\Connection.php on line 295.
 1 SYSTEMPATH\Database\MySQLi\Connection.php(295): mysqli->query('UPDATE pacientes
        SET Nome_Paciente = José Carlos,
        CPF = 22222233344,
        Data_Nascimento = 1993-11-01,
        CEP = 78900001,
        Logradouro = rua J5546osé de Alencardddd,
        Bairro = centro,
        Cidade = Porto Velho,
        UF = RO,
        Numero = 5547,
        Complemento = ,
        Telefone = 66666666666,
        OBS = 
        WHERE Id_Paciente = 4', 0)
 2 SYSTEMPATH\Database\BaseConnection.php(692): CodeIgniter\Database\MySQLi\Connection->execute('UPDATE pacientes
        SET Nome_Paciente = José Carlos,
        CPF = 22222233344,
        Data_Nascimento = 1993-11-01,
        CEP = 78900001,
        Logradouro = rua J5546osé de Alencardddd,
        Bairro = centro,
        Cidade = Porto Velho,
        UF = RO,
        Numero = 5547,
        Complemento = ,
        Telefone = 66666666666,
        OBS = 
        WHERE Id_Paciente = 4')
 3 SYSTEMPATH\Database\BaseConnection.php(606): CodeIgniter\Database\BaseConnection->simpleQuery('UPDATE pacientes
        SET Nome_Paciente = José Carlos,
        CPF = 22222233344,
        Data_Nascimento = 1993-11-01,
        CEP = 78900001,
        Logradouro = rua J5546osé de Alencardddd,
        Bairro = centro,
        Cidade = Porto Velho,
        UF = RO,
        Numero = 5547,
        Complemento = ,
        Telefone = 66666666666,
        OBS = 
        WHERE Id_Paciente = 4')
 4 APPPATH\Controllers\EditarPaciente.php(31): CodeIgniter\Database\BaseConnection->query('UPDATE pacientes
        SET Nome_Paciente = José Carlos,
        CPF = 22222233344,
        Data_Nascimento = 1993-11-01,
        CEP = 78900001,
        Logradouro = rua J5546osé de Alencardddd,
        Bairro = centro,
        Cidade = Porto Velho,
        UF = RO,
        Numero = 5547,
        Complemento = ,
        Telefone = 66666666666,
        OBS = 
        WHERE Id_Paciente = 4')
 5 SYSTEMPATH\CodeIgniter.php(932): App\Controllers\EditarPaciente->atualizar('4')
 6 SYSTEMPATH\CodeIgniter.php(497): CodeIgniter\CodeIgniter->runController(Object(App\Controllers\EditarPaciente))
 7 SYSTEMPATH\CodeIgniter.php(366): CodeIgniter\CodeIgniter->handleRequest(null, Object(Config\Cache), false)
 8 FCPATH\index.php(67): CodeIgniter\CodeIgniter->run()
INFO - 2023-10-23 13:55:24 --> Session: Class initialized using 'CodeIgniter\Session\Handlers\FileHandler' driver.
INFO - 2023-10-23 13:55:32 --> Session: Class initialized using 'CodeIgniter\Session\Handlers\FileHandler' driver.
INFO - 2023-10-23 13:55:42 --> Session: Class initialized using 'CodeIgniter\Session\Handlers\FileHandler' driver.
CRITICAL - 2023-10-23 13:55:42 --> Undefined property: App\Controllers\EditarPaciente::$input
in APPPATH\Controllers\EditarPaciente.php on line 30.
 1 APPPATH\Controllers\EditarPaciente.php(30): CodeIgniter\Debug\Exceptions->errorHandler(2, 'Undefined property: App\\Controllers\\EditarPaciente::$input', 'C:\\xampp\\htdocs\\sinteag\\app\\Controllers\\EditarPaciente.php', 30)
 2 SYSTEMPATH\CodeIgniter.php(932): App\Controllers\EditarPaciente->atualizar('4')
 3 SYSTEMPATH\CodeIgniter.php(497): CodeIgniter\CodeIgniter->runController(Object(App\Controllers\EditarPaciente))
 4 SYSTEMPATH\CodeIgniter.php(366): CodeIgniter\CodeIgniter->handleRequest(null, Object(Config\Cache), false)
 5 FCPATH\index.php(67): CodeIgniter\CodeIgniter->run()
INFO - 2023-10-23 14:08:15 --> Session: Class initialized using 'CodeIgniter\Session\Handlers\FileHandler' driver.
INFO - 2023-10-23 14:08:44 --> Session: Class initialized using 'CodeIgniter\Session\Handlers\FileHandler' driver.
INFO - 2023-10-23 14:08:50 --> Session: Class initialized using 'CodeIgniter\Session\Handlers\FileHandler' driver.
INFO - 2023-10-23 14:08:54 --> Session: Class initialized using 'CodeIgniter\Session\Handlers\FileHandler' driver.
INFO - 2023-10-23 14:09:25 --> Session: Class initialized using 'CodeIgniter\Session\Handlers\FileHandler' driver.
INFO - 2023-10-23 14:10:31 --> Session: Class initialized using 'CodeIgniter\Session\Handlers\FileHandler' driver.
INFO - 2023-10-23 14:10:52 --> Session: Class initialized using 'CodeIgniter\Session\Handlers\FileHandler' driver.
INFO - 2023-10-23 14:12:26 --> Session: Class initialized using 'CodeIgniter\Session\Handlers\FileHandler' driver.
INFO - 2023-10-23 14:12:48 --> Session: Class initialized using 'CodeIgniter\Session\Handlers\FileHandler' driver.
CRITICAL - 2023-10-23 14:15:32 --> Unmatched '}'
in APPPATH\Controllers\EditarPaciente.php on line 87.
 1 SYSTEMPATH\Autoloader\Autoloader.php(291): CodeIgniter\Autoloader\Autoloader->includeFile('C:\\xampp\\htdocs\\sinteag\\app\\Controllers\\EditarPaciente.php')
 2 SYSTEMPATH\Autoloader\Autoloader.php(269): CodeIgniter\Autoloader\Autoloader->loadInNamespace('App\\Controllers\\EditarPaciente')
 3 [internal function]: CodeIgniter\Autoloader\Autoloader->loadClass('App\\Controllers\\EditarPaciente')
 4 SYSTEMPATH\CodeIgniter.php(890): class_exists('\\App\\Controllers\\EditarPaciente', true)
 5 SYSTEMPATH\CodeIgniter.php(484): CodeIgniter\CodeIgniter->startController()
 6 SYSTEMPATH\CodeIgniter.php(366): CodeIgniter\CodeIgniter->handleRequest(null, Object(Config\Cache), false)
 7 FCPATH\index.php(67): CodeIgniter\CodeIgniter->run()
INFO - 2023-10-23 14:15:35 --> Session: Class initialized using 'CodeIgniter\Session\Handlers\FileHandler' driver.
CRITICAL - 2023-10-23 14:15:37 --> Unmatched '}'
in APPPATH\Controllers\EditarPaciente.php on line 87.
 1 SYSTEMPATH\Autoloader\Autoloader.php(291): CodeIgniter\Autoloader\Autoloader->includeFile('C:\\xampp\\htdocs\\sinteag\\app\\Controllers\\EditarPaciente.php')
 2 SYSTEMPATH\Autoloader\Autoloader.php(269): CodeIgniter\Autoloader\Autoloader->loadInNamespace('App\\Controllers\\EditarPaciente')
 3 [internal function]: CodeIgniter\Autoloader\Autoloader->loadClass('App\\Controllers\\EditarPaciente')
 4 SYSTEMPATH\CodeIgniter.php(890): class_exists('\\App\\Controllers\\EditarPaciente', true)
 5 SYSTEMPATH\CodeIgniter.php(484): CodeIgniter\CodeIgniter->startController()
 6 SYSTEMPATH\CodeIgniter.php(366): CodeIgniter\CodeIgniter->handleRequest(null, Object(Config\Cache), false)
 7 FCPATH\index.php(67): CodeIgniter\CodeIgniter->run()
INFO - 2023-10-23 14:15:57 --> Session: Class initialized using 'CodeIgniter\Session\Handlers\FileHandler' driver.
INFO - 2023-10-23 14:16:02 --> Session: Class initialized using 'CodeIgniter\Session\Handlers\FileHandler' driver.
CRITICAL - 2023-10-23 14:16:07 --> Unmatched '}'
in APPPATH\Controllers\EditarPaciente.php on line 87.
 1 SYSTEMPATH\Autoloader\Autoloader.php(291): CodeIgniter\Autoloader\Autoloader->includeFile('C:\\xampp\\htdocs\\sinteag\\app\\Controllers\\EditarPaciente.php')
 2 SYSTEMPATH\Autoloader\Autoloader.php(269): CodeIgniter\Autoloader\Autoloader->loadInNamespace('App\\Controllers\\EditarPaciente')
 3 [internal function]: CodeIgniter\Autoloader\Autoloader->loadClass('App\\Controllers\\EditarPaciente')
 4 SYSTEMPATH\CodeIgniter.php(890): class_exists('\\App\\Controllers\\EditarPaciente', true)
 5 SYSTEMPATH\CodeIgniter.php(484): CodeIgniter\CodeIgniter->startController()
 6 SYSTEMPATH\CodeIgniter.php(366): CodeIgniter\CodeIgniter->handleRequest(null, Object(Config\Cache), false)
 7 FCPATH\index.php(67): CodeIgniter\CodeIgniter->run()
INFO - 2023-10-23 14:16:39 --> Session: Class initialized using 'CodeIgniter\Session\Handlers\FileHandler' driver.
INFO - 2023-10-23 14:16:43 --> Session: Class initialized using 'CodeIgniter\Session\Handlers\FileHandler' driver.
INFO - 2023-10-23 14:16:45 --> Session: Class initialized using 'CodeIgniter\Session\Handlers\FileHandler' driver.
INFO - 2023-10-23 14:16:53 --> Session: Class initialized using 'CodeIgniter\Session\Handlers\FileHandler' driver.
CRITICAL - 2023-10-23 14:16:53 --> Undefined variable $pesquisarpacientes
in APPPATH\Views\pesquisarpacientes.php on line 24.
 1 APPPATH\Views\pesquisarpacientes.php(24): CodeIgniter\Debug\Exceptions->errorHandler(2, 'Undefined variable $pesquisarpacientes', 'C:\\xampp\\htdocs\\sinteag\\app\\Views\\pesquisarpacientes.php', 24)
 2 SYSTEMPATH\View\View.php(224): include('C:\\xampp\\htdocs\\sinteag\\app\\Views\\pesquisarpacientes.php')
 3 SYSTEMPATH\View\View.php(227): CodeIgniter\View\View->CodeIgniter\View\{closure}()
 4 SYSTEMPATH\Common.php(1176): CodeIgniter\View\View->render('pesquisarpacientes', [], true)
 5 APPPATH\Controllers\EditarPaciente.php(61): view('pesquisarpacientes', [...])
 6 SYSTEMPATH\CodeIgniter.php(932): App\Controllers\EditarPaciente->atualizar('4')
 7 SYSTEMPATH\CodeIgniter.php(497): CodeIgniter\CodeIgniter->runController(Object(App\Controllers\EditarPaciente))
 8 SYSTEMPATH\CodeIgniter.php(366): CodeIgniter\CodeIgniter->handleRequest(null, Object(Config\Cache), false)
 9 FCPATH\index.php(67): CodeIgniter\CodeIgniter->run()
INFO - 2023-10-23 14:30:54 --> Session: Class initialized using 'CodeIgniter\Session\Handlers\FileHandler' driver.
INFO - 2023-10-23 14:31:00 --> Session: Class initialized using 'CodeIgniter\Session\Handlers\FileHandler' driver.
INFO - 2023-10-23 14:32:22 --> Session: Class initialized using 'CodeIgniter\Session\Handlers\FileHandler' driver.
INFO - 2023-10-23 14:32:30 --> Session: Class initialized using 'CodeIgniter\Session\Handlers\FileHandler' driver.
CRITICAL - 2023-10-23 14:32:30 --> Undefined variable $resultado
in APPPATH\Controllers\EditarPaciente.php on line 62.
 1 APPPATH\Controllers\EditarPaciente.php(62): CodeIgniter\Debug\Exceptions->errorHandler(2, 'Undefined variable $resultado', 'C:\\xampp\\htdocs\\sinteag\\app\\Controllers\\EditarPaciente.php', 62)
 2 SYSTEMPATH\CodeIgniter.php(932): App\Controllers\EditarPaciente->atualizar('5')
 3 SYSTEMPATH\CodeIgniter.php(497): CodeIgniter\CodeIgniter->runController(Object(App\Controllers\EditarPaciente))
 4 SYSTEMPATH\CodeIgniter.php(366): CodeIgniter\CodeIgniter->handleRequest(null, Object(Config\Cache), false)
 5 FCPATH\index.php(67): CodeIgniter\CodeIgniter->run()
INFO - 2023-10-23 14:40:04 --> Session: Class initialized using 'CodeIgniter\Session\Handlers\FileHandler' driver.
INFO - 2023-10-23 14:40:07 --> Session: Class initialized using 'CodeIgniter\Session\Handlers\FileHandler' driver.
INFO - 2023-10-23 14:40:12 --> Session: Class initialized using 'CodeIgniter\Session\Handlers\FileHandler' driver.
INFO - 2023-10-23 14:40:24 --> Session: Class initialized using 'CodeIgniter\Session\Handlers\FileHandler' driver.
INFO - 2023-10-23 14:42:16 --> Session: Class initialized using 'CodeIgniter\Session\Handlers\FileHandler' driver.
INFO - 2023-10-23 14:42:19 --> Session: Class initialized using 'CodeIgniter\Session\Handlers\FileHandler' driver.
INFO - 2023-10-23 14:49:41 --> Session: Class initialized using 'CodeIgniter\Session\Handlers\FileHandler' driver.
INFO - 2023-10-23 14:50:09 --> Session: Class initialized using 'CodeIgniter\Session\Handlers\FileHandler' driver.
INFO - 2023-10-23 14:50:16 --> Session: Class initialized using 'CodeIgniter\Session\Handlers\FileHandler' driver.
INFO - 2023-10-23 14:52:14 --> Session: Class initialized using 'CodeIgniter\Session\Handlers\FileHandler' driver.
INFO - 2023-10-23 14:52:16 --> Session: Class initialized using 'CodeIgniter\Session\Handlers\FileHandler' driver.
CRITICAL - 2023-10-23 14:52:17 --> 5 is not a valid HTTP return status code
in SYSTEMPATH\HTTP\ResponseTrait.php on line 155.
 1 SYSTEMPATH\HTTP\ResponseTrait.php(155): CodeIgniter\HTTP\Exceptions\HTTPException::forInvalidStatusCode(5)
 2 SYSTEMPATH\HTTP\ResponseTrait.php(544): CodeIgniter\HTTP\Response->setStatusCode(5)
 3 SYSTEMPATH\HTTP\RedirectResponse.php(40): CodeIgniter\HTTP\Response->redirect('http://localhost/sinteag/index.php/PesquisarPacientes', 'auto', 5)
 4 APPPATH\Controllers\EditarPaciente.php(77): CodeIgniter\HTTP\RedirectResponse->to('http://localhost/sinteag/index.php/PesquisarPacientes', 5)
 5 SYSTEMPATH\CodeIgniter.php(932): App\Controllers\EditarPaciente->atualizar('5')
 6 SYSTEMPATH\CodeIgniter.php(497): CodeIgniter\CodeIgniter->runController(Object(App\Controllers\EditarPaciente))
 7 SYSTEMPATH\CodeIgniter.php(366): CodeIgniter\CodeIgniter->handleRequest(null, Object(Config\Cache), false)
 8 FCPATH\index.php(67): CodeIgniter\CodeIgniter->run()
INFO - 2023-10-23 14:52:40 --> Session: Class initialized using 'CodeIgniter\Session\Handlers\FileHandler' driver.
INFO - 2023-10-23 14:52:42 --> Session: Class initialized using 'CodeIgniter\Session\Handlers\FileHandler' driver.
INFO - 2023-10-23 14:52:49 --> Session: Class initialized using 'CodeIgniter\Session\Handlers\FileHandler' driver.
CRITICAL - 2023-10-23 14:52:49 --> 4 is not a valid HTTP return status code
in SYSTEMPATH\HTTP\ResponseTrait.php on line 155.
 1 SYSTEMPATH\HTTP\ResponseTrait.php(155): CodeIgniter\HTTP\Exceptions\HTTPException::forInvalidStatusCode(4)
 2 SYSTEMPATH\HTTP\ResponseTrait.php(544): CodeIgniter\HTTP\Response->setStatusCode(4)
 3 SYSTEMPATH\HTTP\RedirectResponse.php(40): CodeIgniter\HTTP\Response->redirect('http://localhost/sinteag/index.php/PesquisarPacientes', 'auto', 4)
 4 APPPATH\Controllers\EditarPaciente.php(77): CodeIgniter\HTTP\RedirectResponse->to('http://localhost/sinteag/index.php/PesquisarPacientes', 4)
 5 SYSTEMPATH\CodeIgniter.php(932): App\Controllers\EditarPaciente->atualizar('4')
 6 SYSTEMPATH\CodeIgniter.php(497): CodeIgniter\CodeIgniter->runController(Object(App\Controllers\EditarPaciente))
 7 SYSTEMPATH\CodeIgniter.php(366): CodeIgniter\CodeIgniter->handleRequest(null, Object(Config\Cache), false)
 8 FCPATH\index.php(67): CodeIgniter\CodeIgniter->run()
INFO - 2023-10-23 14:53:15 --> Session: Class initialized using 'CodeIgniter\Session\Handlers\FileHandler' driver.
INFO - 2023-10-23 14:53:19 --> Session: Class initialized using 'CodeIgniter\Session\Handlers\FileHandler' driver.
CRITICAL - 2023-10-23 14:53:19 --> CodeIgniter\HTTP\RedirectResponse::to(): Argument #2 ($code) must be of type ?int, array given, called in C:\xampp\htdocs\sinteag\app\Controllers\EditarPaciente.php on line 77
in SYSTEMPATH\HTTP\RedirectResponse.php on line 32.
 1 APPPATH\Controllers\EditarPaciente.php(77): CodeIgniter\HTTP\RedirectResponse->to('/PesquisarPacientes', [...])
 2 SYSTEMPATH\CodeIgniter.php(932): App\Controllers\EditarPaciente->atualizar('4')
 3 SYSTEMPATH\CodeIgniter.php(497): CodeIgniter\CodeIgniter->runController(Object(App\Controllers\EditarPaciente))
 4 SYSTEMPATH\CodeIgniter.php(366): CodeIgniter\CodeIgniter->handleRequest(null, Object(Config\Cache), false)
 5 FCPATH\index.php(67): CodeIgniter\CodeIgniter->run()
INFO - 2023-10-23 14:55:28 --> Session: Class initialized using 'CodeIgniter\Session\Handlers\FileHandler' driver.
INFO - 2023-10-23 14:55:32 --> Session: Class initialized using 'CodeIgniter\Session\Handlers\FileHandler' driver.
INFO - 2023-10-23 15:01:50 --> Session: Class initialized using 'CodeIgniter\Session\Handlers\FileHandler' driver.
INFO - 2023-10-23 15:01:57 --> Session: Class initialized using 'CodeIgniter\Session\Handlers\FileHandler' driver.
CRITICAL - 2023-10-23 15:01:58 --> Undefined variable $editarpacientes
in APPPATH\Views\editarpaciente.php on line 9.
 1 APPPATH\Views\editarpaciente.php(9): CodeIgniter\Debug\Exceptions->errorHandler(2, 'Undefined variable $editarpacientes', 'C:\\xampp\\htdocs\\sinteag\\app\\Views\\editarpaciente.php', 9)
 2 SYSTEMPATH\View\View.php(224): include('C:\\xampp\\htdocs\\sinteag\\app\\Views\\editarpaciente.php')
 3 SYSTEMPATH\View\View.php(227): CodeIgniter\View\View->CodeIgniter\View\{closure}()
 4 SYSTEMPATH\Common.php(1176): CodeIgniter\View\View->render('editarpaciente', [], true)
 5 APPPATH\Controllers\EditarPaciente.php(64): view('editarpaciente', [...])
 6 SYSTEMPATH\CodeIgniter.php(932): App\Controllers\EditarPaciente->atualizar('4')
 7 SYSTEMPATH\CodeIgniter.php(497): CodeIgniter\CodeIgniter->runController(Object(App\Controllers\EditarPaciente))
 8 SYSTEMPATH\CodeIgniter.php(366): CodeIgniter\CodeIgniter->handleRequest(null, Object(Config\Cache), false)
 9 FCPATH\index.php(67): CodeIgniter\CodeIgniter->run()
INFO - 2023-10-23 15:03:01 --> Session: Class initialized using 'CodeIgniter\Session\Handlers\FileHandler' driver.
INFO - 2023-10-23 15:03:10 --> Session: Class initialized using 'CodeIgniter\Session\Handlers\FileHandler' driver.
CRITICAL - 2023-10-23 15:03:10 --> Undefined variable $pesquisarpacientes
in APPPATH\Views\pesquisarpacientes.php on line 24.
 1 APPPATH\Views\pesquisarpacientes.php(24): CodeIgniter\Debug\Exceptions->errorHandler(2, 'Undefined variable $pesquisarpacientes', 'C:\\xampp\\htdocs\\sinteag\\app\\Views\\pesquisarpacientes.php', 24)
 2 SYSTEMPATH\View\View.php(224): include('C:\\xampp\\htdocs\\sinteag\\app\\Views\\pesquisarpacientes.php')
 3 SYSTEMPATH\View\View.php(227): CodeIgniter\View\View->CodeIgniter\View\{closure}()
 4 SYSTEMPATH\Common.php(1176): CodeIgniter\View\View->render('pesquisarpacientes', [], true)
 5 APPPATH\Controllers\EditarPaciente.php(63): view('pesquisarpacientes', [...])
 6 SYSTEMPATH\CodeIgniter.php(932): App\Controllers\EditarPaciente->atualizar('4')
 7 SYSTEMPATH\CodeIgniter.php(497): CodeIgniter\CodeIgniter->runController(Object(App\Controllers\EditarPaciente))
 8 SYSTEMPATH\CodeIgniter.php(366): CodeIgniter\CodeIgniter->handleRequest(null, Object(Config\Cache), false)
 9 FCPATH\index.php(67): CodeIgniter\CodeIgniter->run()
INFO - 2023-10-23 15:47:44 --> Session: Class initialized using 'CodeIgniter\Session\Handlers\FileHandler' driver.
INFO - 2023-10-23 15:54:14 --> Session: Class initialized using 'CodeIgniter\Session\Handlers\FileHandler' driver.
INFO - 2023-10-23 15:54:19 --> Session: Class initialized using 'CodeIgniter\Session\Handlers\FileHandler' driver.
INFO - 2023-10-23 15:54:34 --> Session: Class initialized using 'CodeIgniter\Session\Handlers\FileHandler' driver.
CRITICAL - 2023-10-23 15:54:34 --> Trying to access array offset on value of type null
in APPPATH\Views\editarprofissional.php on line 7.
 1 APPPATH\Views\editarprofissional.php(7): CodeIgniter\Debug\Exceptions->errorHandler(2, 'Trying to access array offset on value of type null', 'C:\\xampp\\htdocs\\sinteag\\app\\Views\\editarprofissional.php', 7)
 2 SYSTEMPATH\View\View.php(224): include('C:\\xampp\\htdocs\\sinteag\\app\\Views\\editarprofissional.php')
 3 SYSTEMPATH\View\View.php(227): CodeIgniter\View\View->CodeIgniter\View\{closure}()
 4 SYSTEMPATH\Common.php(1176): CodeIgniter\View\View->render('editarprofissional', [], true)
 5 APPPATH\Controllers\EditarProfissional.php(20): view('editarprofissional', [...])
 6 SYSTEMPATH\CodeIgniter.php(932): App\Controllers\EditarProfissional->index('atualizar', '1')
 7 SYSTEMPATH\CodeIgniter.php(497): CodeIgniter\CodeIgniter->runController(Object(App\Controllers\EditarProfissional))
 8 SYSTEMPATH\CodeIgniter.php(366): CodeIgniter\CodeIgniter->handleRequest(null, Object(Config\Cache), false)
 9 FCPATH\index.php(67): CodeIgniter\CodeIgniter->run()
INFO - 2023-10-23 15:55:21 --> Session: Class initialized using 'CodeIgniter\Session\Handlers\FileHandler' driver.
INFO - 2023-10-23 15:58:51 --> Session: Class initialized using 'CodeIgniter\Session\Handlers\FileHandler' driver.
INFO - 2023-10-23 15:59:29 --> Session: Class initialized using 'CodeIgniter\Session\Handlers\FileHandler' driver.
INFO - 2023-10-23 15:59:33 --> Session: Class initialized using 'CodeIgniter\Session\Handlers\FileHandler' driver.
CRITICAL - 2023-10-23 15:59:34 --> Undefined array key "nomeProfissional"
in APPPATH\Controllers\EditarProfissional.php on line 27.
 1 APPPATH\Controllers\EditarProfissional.php(27): CodeIgniter\Debug\Exceptions->errorHandler(2, 'Undefined array key "nomeProfissional"', 'C:\\xampp\\htdocs\\sinteag\\app\\Controllers\\EditarProfissional.php', 27)
 2 SYSTEMPATH\CodeIgniter.php(932): App\Controllers\EditarProfissional->atualizar('', '1')
 3 SYSTEMPATH\CodeIgniter.php(497): CodeIgniter\CodeIgniter->runController(Object(App\Controllers\EditarProfissional))
 4 SYSTEMPATH\CodeIgniter.php(366): CodeIgniter\CodeIgniter->handleRequest(null, Object(Config\Cache), false)
 5 FCPATH\index.php(67): CodeIgniter\CodeIgniter->run()
INFO - 2023-10-23 16:00:14 --> Session: Class initialized using 'CodeIgniter\Session\Handlers\FileHandler' driver.
INFO - 2023-10-23 16:00:16 --> Session: Class initialized using 'CodeIgniter\Session\Handlers\FileHandler' driver.
CRITICAL - 2023-10-23 16:00:16 --> Undefined array key "formacao"
in APPPATH\Controllers\EditarProfissional.php on line 28.
 1 APPPATH\Controllers\EditarProfissional.php(28): CodeIgniter\Debug\Exceptions->errorHandler(2, 'Undefined array key "formacao"', 'C:\\xampp\\htdocs\\sinteag\\app\\Controllers\\EditarProfissional.php', 28)
 2 SYSTEMPATH\CodeIgniter.php(932): App\Controllers\EditarProfissional->atualizar('', '1')
 3 SYSTEMPATH\CodeIgniter.php(497): CodeIgniter\CodeIgniter->runController(Object(App\Controllers\EditarProfissional))
 4 SYSTEMPATH\CodeIgniter.php(366): CodeIgniter\CodeIgniter->handleRequest(null, Object(Config\Cache), false)
 5 FCPATH\index.php(67): CodeIgniter\CodeIgniter->run()
INFO - 2023-10-23 16:01:56 --> Session: Class initialized using 'CodeIgniter\Session\Handlers\FileHandler' driver.
INFO - 2023-10-23 16:01:58 --> Session: Class initialized using 'CodeIgniter\Session\Handlers\FileHandler' driver.
CRITICAL - 2023-10-23 16:01:58 --> Undefined array key "sexo"
in APPPATH\Controllers\EditarProfissional.php on line 31.
 1 APPPATH\Controllers\EditarProfissional.php(31): CodeIgniter\Debug\Exceptions->errorHandler(2, 'Undefined array key "sexo"', 'C:\\xampp\\htdocs\\sinteag\\app\\Controllers\\EditarProfissional.php', 31)
 2 SYSTEMPATH\CodeIgniter.php(932): App\Controllers\EditarProfissional->atualizar('', '1')
 3 SYSTEMPATH\CodeIgniter.php(497): CodeIgniter\CodeIgniter->runController(Object(App\Controllers\EditarProfissional))
 4 SYSTEMPATH\CodeIgniter.php(366): CodeIgniter\CodeIgniter->handleRequest(null, Object(Config\Cache), false)
 5 FCPATH\index.php(67): CodeIgniter\CodeIgniter->run()
INFO - 2023-10-23 16:05:11 --> Session: Class initialized using 'CodeIgniter\Session\Handlers\FileHandler' driver.
INFO - 2023-10-23 16:05:13 --> Session: Class initialized using 'CodeIgniter\Session\Handlers\FileHandler' driver.
CRITICAL - 2023-10-23 16:05:13 --> Undefined array key "bairro"
in APPPATH\Controllers\EditarProfissional.php on line 34.
 1 APPPATH\Controllers\EditarProfissional.php(34): CodeIgniter\Debug\Exceptions->errorHandler(2, 'Undefined array key "bairro"', 'C:\\xampp\\htdocs\\sinteag\\app\\Controllers\\EditarProfissional.php', 34)
 2 SYSTEMPATH\CodeIgniter.php(932): App\Controllers\EditarProfissional->atualizar('', '1')
 3 SYSTEMPATH\CodeIgniter.php(497): CodeIgniter\CodeIgniter->runController(Object(App\Controllers\EditarProfissional))
 4 SYSTEMPATH\CodeIgniter.php(366): CodeIgniter\CodeIgniter->handleRequest(null, Object(Config\Cache), false)
 5 FCPATH\index.php(67): CodeIgniter\CodeIgniter->run()
INFO - 2023-10-23 16:06:10 --> Session: Class initialized using 'CodeIgniter\Session\Handlers\FileHandler' driver.
INFO - 2023-10-23 16:06:12 --> Session: Class initialized using 'CodeIgniter\Session\Handlers\FileHandler' driver.
CRITICAL - 2023-10-23 16:06:12 --> Undefined array key "cidade"
in APPPATH\Controllers\EditarProfissional.php on line 35.
 1 APPPATH\Controllers\EditarProfissional.php(35): CodeIgniter\Debug\Exceptions->errorHandler(2, 'Undefined array key "cidade"', 'C:\\xampp\\htdocs\\sinteag\\app\\Controllers\\EditarProfissional.php', 35)
 2 SYSTEMPATH\CodeIgniter.php(932): App\Controllers\EditarProfissional->atualizar('', '1')
 3 SYSTEMPATH\CodeIgniter.php(497): CodeIgniter\CodeIgniter->runController(Object(App\Controllers\EditarProfissional))
 4 SYSTEMPATH\CodeIgniter.php(366): CodeIgniter\CodeIgniter->handleRequest(null, Object(Config\Cache), false)
 5 FCPATH\index.php(67): CodeIgniter\CodeIgniter->run()
INFO - 2023-10-23 16:11:47 --> Session: Class initialized using 'CodeIgniter\Session\Handlers\FileHandler' driver.
INFO - 2023-10-23 16:11:50 --> Session: Class initialized using 'CodeIgniter\Session\Handlers\FileHandler' driver.
INFO - 2023-10-23 16:12:14 --> Session: Class initialized using 'CodeIgniter\Session\Handlers\FileHandler' driver.
INFO - 2023-10-23 16:12:31 --> Session: Class initialized using 'CodeIgniter\Session\Handlers\FileHandler' driver.
INFO - 2023-10-23 16:20:24 --> Session: Class initialized using 'CodeIgniter\Session\Handlers\FileHandler' driver.
INFO - 2023-10-23 16:20:36 --> Session: Class initialized using 'CodeIgniter\Session\Handlers\FileHandler' driver.
INFO - 2023-10-23 16:29:51 --> Session: Class initialized using 'CodeIgniter\Session\Handlers\FileHandler' driver.
INFO - 2023-10-23 16:29:56 --> Session: Class initialized using 'CodeIgniter\Session\Handlers\FileHandler' driver.
INFO - 2023-10-23 16:30:00 --> Session: Class initialized using 'CodeIgniter\Session\Handlers\FileHandler' driver.
INFO - 2023-10-23 16:30:12 --> Session: Class initialized using 'CodeIgniter\Session\Handlers\FileHandler' driver.
INFO - 2023-10-23 17:11:50 --> Session: Class initialized using 'CodeIgniter\Session\Handlers\FileHandler' driver.
INFO - 2023-10-23 17:11:58 --> Session: Class initialized using 'CodeIgniter\Session\Handlers\FileHandler' driver.
INFO - 2023-10-23 17:12:01 --> Session: Class initialized using 'CodeIgniter\Session\Handlers\FileHandler' driver.
INFO - 2023-10-23 17:12:10 --> Session: Class initialized using 'CodeIgniter\Session\Handlers\FileHandler' driver.
INFO - 2023-10-23 17:17:23 --> Session: Class initialized using 'CodeIgniter\Session\Handlers\FileHandler' driver.
INFO - 2023-10-23 17:17:37 --> Session: Class initialized using 'CodeIgniter\Session\Handlers\FileHandler' driver.
INFO - 2023-10-23 17:17:39 --> Session: Class initialized using 'CodeIgniter\Session\Handlers\FileHandler' driver.
INFO - 2023-10-23 17:17:49 --> Session: Class initialized using 'CodeIgniter\Session\Handlers\FileHandler' driver.
INFO - 2023-10-23 17:55:39 --> Session: Class initialized using 'CodeIgniter\Session\Handlers\FileHandler' driver.
INFO - 2023-10-23 18:04:19 --> Session: Class initialized using 'CodeIgniter\Session\Handlers\FileHandler' driver.
CRITICAL - 2023-10-23 18:04:19 --> Undefined variable $cadastrarpacientes
in APPPATH\Views\cadastrarpacientes.php on line 7.
 1 APPPATH\Views\cadastrarpacientes.php(7): CodeIgniter\Debug\Exceptions->errorHandler(2, 'Undefined variable $cadastrarpacientes', 'C:\\xampp\\htdocs\\sinteag\\app\\Views\\cadastrarpacientes.php', 7)
 2 SYSTEMPATH\View\View.php(224): include('C:\\xampp\\htdocs\\sinteag\\app\\Views\\cadastrarpacientes.php')
 3 SYSTEMPATH\View\View.php(227): CodeIgniter\View\View->CodeIgniter\View\{closure}()
 4 SYSTEMPATH\Common.php(1176): CodeIgniter\View\View->render('cadastrarpacientes', [], true)
 5 APPPATH\Controllers\CadastrarPacientes.php(15): view('cadastrarpacientes', [...])
 6 SYSTEMPATH\CodeIgniter.php(932): App\Controllers\CadastrarPacientes->index()
 7 SYSTEMPATH\CodeIgniter.php(497): CodeIgniter\CodeIgniter->runController(Object(App\Controllers\CadastrarPacientes))
 8 SYSTEMPATH\CodeIgniter.php(366): CodeIgniter\CodeIgniter->handleRequest(null, Object(Config\Cache), false)
 9 FCPATH\index.php(67): CodeIgniter\CodeIgniter->run()
INFO - 2023-10-23 18:07:47 --> Session: Class initialized using 'CodeIgniter\Session\Handlers\FileHandler' driver.
CRITICAL - 2023-10-23 18:07:47 --> Undefined variable $cadastrarpacientes
in APPPATH\Views\cadastrarpacientes.php on line 7.
 1 APPPATH\Views\cadastrarpacientes.php(7): CodeIgniter\Debug\Exceptions->errorHandler(2, 'Undefined variable $cadastrarpacientes', 'C:\\xampp\\htdocs\\sinteag\\app\\Views\\cadastrarpacientes.php', 7)
 2 SYSTEMPATH\View\View.php(224): include('C:\\xampp\\htdocs\\sinteag\\app\\Views\\cadastrarpacientes.php')
 3 SYSTEMPATH\View\View.php(227): CodeIgniter\View\View->CodeIgniter\View\{closure}()
 4 SYSTEMPATH\Common.php(1176): CodeIgniter\View\View->render('cadastrarpacientes', [], true)
 5 APPPATH\Controllers\CadastrarPacientes.php(15): view('cadastrarpacientes', [...])
 6 SYSTEMPATH\CodeIgniter.php(932): App\Controllers\CadastrarPacientes->index()
 7 SYSTEMPATH\CodeIgniter.php(497): CodeIgniter\CodeIgniter->runController(Object(App\Controllers\CadastrarPacientes))
 8 SYSTEMPATH\CodeIgniter.php(366): CodeIgniter\CodeIgniter->handleRequest(null, Object(Config\Cache), false)
 9 FCPATH\index.php(67): CodeIgniter\CodeIgniter->run()
INFO - 2023-10-23 18:08:04 --> Session: Class initialized using 'CodeIgniter\Session\Handlers\FileHandler' driver.
INFO - 2023-10-23 18:08:13 --> Session: Class initialized using 'CodeIgniter\Session\Handlers\FileHandler' driver.
CRITICAL - 2023-10-23 18:08:13 --> Undefined variable $cadastrarpacientes
in APPPATH\Views\cadastrarpacientes.php on line 7.
 1 APPPATH\Views\cadastrarpacientes.php(7): CodeIgniter\Debug\Exceptions->errorHandler(2, 'Undefined variable $cadastrarpacientes', 'C:\\xampp\\htdocs\\sinteag\\app\\Views\\cadastrarpacientes.php', 7)
 2 SYSTEMPATH\View\View.php(224): include('C:\\xampp\\htdocs\\sinteag\\app\\Views\\cadastrarpacientes.php')
 3 SYSTEMPATH\View\View.php(227): CodeIgniter\View\View->CodeIgniter\View\{closure}()
 4 SYSTEMPATH\Common.php(1176): CodeIgniter\View\View->render('cadastrarpacientes', [], true)
 5 APPPATH\Controllers\CadastrarPacientes.php(15): view('cadastrarpacientes', [...])
 6 SYSTEMPATH\CodeIgniter.php(932): App\Controllers\CadastrarPacientes->index()
 7 SYSTEMPATH\CodeIgniter.php(497): CodeIgniter\CodeIgniter->runController(Object(App\Controllers\CadastrarPacientes))
 8 SYSTEMPATH\CodeIgniter.php(366): CodeIgniter\CodeIgniter->handleRequest(null, Object(Config\Cache), false)
 9 FCPATH\index.php(67): CodeIgniter\CodeIgniter->run()
INFO - 2023-10-23 18:08:51 --> Session: Class initialized using 'CodeIgniter\Session\Handlers\FileHandler' driver.
INFO - 2023-10-23 18:08:54 --> Session: Class initialized using 'CodeIgniter\Session\Handlers\FileHandler' driver.
CRITICAL - 2023-10-23 18:08:54 --> Undefined variable $cadastrarpacientes
in APPPATH\Views\cadastrarpacientes.php on line 7.
 1 APPPATH\Views\cadastrarpacientes.php(7): CodeIgniter\Debug\Exceptions->errorHandler(2, 'Undefined variable $cadastrarpacientes', 'C:\\xampp\\htdocs\\sinteag\\app\\Views\\cadastrarpacientes.php', 7)
 2 SYSTEMPATH\View\View.php(224): include('C:\\xampp\\htdocs\\sinteag\\app\\Views\\cadastrarpacientes.php')
 3 SYSTEMPATH\View\View.php(227): CodeIgniter\View\View->CodeIgniter\View\{closure}()
 4 SYSTEMPATH\Common.php(1176): CodeIgniter\View\View->render('cadastrarpacientes', [], true)
 5 APPPATH\Controllers\CadastrarPacientes.php(15): view('cadastrarpacientes', [...])
 6 SYSTEMPATH\CodeIgniter.php(932): App\Controllers\CadastrarPacientes->index()
 7 SYSTEMPATH\CodeIgniter.php(497): CodeIgniter\CodeIgniter->runController(Object(App\Controllers\CadastrarPacientes))
 8 SYSTEMPATH\CodeIgniter.php(366): CodeIgniter\CodeIgniter->handleRequest(null, Object(Config\Cache), false)
 9 FCPATH\index.php(67): CodeIgniter\CodeIgniter->run()
INFO - 2023-10-23 18:14:36 --> Session: Class initialized using 'CodeIgniter\Session\Handlers\FileHandler' driver.
CRITICAL - 2023-10-23 18:14:36 --> Undefined variable $cadastrarpacientes
in APPPATH\Views\cadastrarpacientes.php on line 7.
 1 APPPATH\Views\cadastrarpacientes.php(7): CodeIgniter\Debug\Exceptions->errorHandler(2, 'Undefined variable $cadastrarpacientes', 'C:\\xampp\\htdocs\\sinteag\\app\\Views\\cadastrarpacientes.php', 7)
 2 SYSTEMPATH\View\View.php(224): include('C:\\xampp\\htdocs\\sinteag\\app\\Views\\cadastrarpacientes.php')
 3 SYSTEMPATH\View\View.php(227): CodeIgniter\View\View->CodeIgniter\View\{closure}()
 4 SYSTEMPATH\Common.php(1176): CodeIgniter\View\View->render('cadastrarpacientes', [], true)
 5 APPPATH\Controllers\CadastrarPacientes.php(15): view('cadastrarpacientes', [...])
 6 SYSTEMPATH\CodeIgniter.php(932): App\Controllers\CadastrarPacientes->index()
 7 SYSTEMPATH\CodeIgniter.php(497): CodeIgniter\CodeIgniter->runController(Object(App\Controllers\CadastrarPacientes))
 8 SYSTEMPATH\CodeIgniter.php(366): CodeIgniter\CodeIgniter->handleRequest(null, Object(Config\Cache), false)
 9 FCPATH\index.php(67): CodeIgniter\CodeIgniter->run()
INFO - 2023-10-23 18:14:38 --> Session: Class initialized using 'CodeIgniter\Session\Handlers\FileHandler' driver.
INFO - 2023-10-23 18:14:42 --> Session: Class initialized using 'CodeIgniter\Session\Handlers\FileHandler' driver.
CRITICAL - 2023-10-23 18:14:42 --> Undefined variable $cadastrarpacientes
in APPPATH\Views\cadastrarpacientes.php on line 7.
 1 APPPATH\Views\cadastrarpacientes.php(7): CodeIgniter\Debug\Exceptions->errorHandler(2, 'Undefined variable $cadastrarpacientes', 'C:\\xampp\\htdocs\\sinteag\\app\\Views\\cadastrarpacientes.php', 7)
 2 SYSTEMPATH\View\View.php(224): include('C:\\xampp\\htdocs\\sinteag\\app\\Views\\cadastrarpacientes.php')
 3 SYSTEMPATH\View\View.php(227): CodeIgniter\View\View->CodeIgniter\View\{closure}()
 4 SYSTEMPATH\Common.php(1176): CodeIgniter\View\View->render('cadastrarpacientes', [], true)
 5 APPPATH\Controllers\CadastrarPacientes.php(15): view('cadastrarpacientes', [...])
 6 SYSTEMPATH\CodeIgniter.php(932): App\Controllers\CadastrarPacientes->index()
 7 SYSTEMPATH\CodeIgniter.php(497): CodeIgniter\CodeIgniter->runController(Object(App\Controllers\CadastrarPacientes))
 8 SYSTEMPATH\CodeIgniter.php(366): CodeIgniter\CodeIgniter->handleRequest(null, Object(Config\Cache), false)
 9 FCPATH\index.php(67): CodeIgniter\CodeIgniter->run()
INFO - 2023-10-23 18:17:06 --> Session: Class initialized using 'CodeIgniter\Session\Handlers\FileHandler' driver.
INFO - 2023-10-23 18:24:52 --> Session: Class initialized using 'CodeIgniter\Session\Handlers\FileHandler' driver.
CRITICAL - 2023-10-23 18:24:52 --> Cannot access offset of type string on string
in APPPATH\Views\pesquisarconsultas.php on line 26.
 1 SYSTEMPATH\View\View.php(224): include()
 2 SYSTEMPATH\View\View.php(227): CodeIgniter\View\View->CodeIgniter\View\{closure}()
 3 SYSTEMPATH\Common.php(1176): CodeIgniter\View\View->render('pesquisarconsultas', [], true)
 4 APPPATH\Controllers\PesquisarConsultas.php(25): view('pesquisarconsultas', [...])
 5 SYSTEMPATH\CodeIgniter.php(932): App\Controllers\PesquisarConsultas->index()
 6 SYSTEMPATH\CodeIgniter.php(497): CodeIgniter\CodeIgniter->runController(Object(App\Controllers\PesquisarConsultas))
 7 SYSTEMPATH\CodeIgniter.php(366): CodeIgniter\CodeIgniter->handleRequest(null, Object(Config\Cache), false)
 8 FCPATH\index.php(67): CodeIgniter\CodeIgniter->run()
INFO - 2023-10-23 18:53:48 --> Session: Class initialized using 'CodeIgniter\Session\Handlers\FileHandler' driver.
INFO - 2023-10-23 18:53:54 --> Session: Class initialized using 'CodeIgniter\Session\Handlers\FileHandler' driver.
CRITICAL - 2023-10-23 18:53:54 --> Cannot access offset of type string on string
in APPPATH\Views\pesquisarconsultas.php on line 26.
 1 SYSTEMPATH\View\View.php(224): include()
 2 SYSTEMPATH\View\View.php(227): CodeIgniter\View\View->CodeIgniter\View\{closure}()
 3 SYSTEMPATH\Common.php(1176): CodeIgniter\View\View->render('pesquisarconsultas', [], true)
 4 APPPATH\Controllers\PesquisarConsultas.php(25): view('pesquisarconsultas', [...])
 5 SYSTEMPATH\CodeIgniter.php(932): App\Controllers\PesquisarConsultas->index()
 6 SYSTEMPATH\CodeIgniter.php(497): CodeIgniter\CodeIgniter->runController(Object(App\Controllers\PesquisarConsultas))
 7 SYSTEMPATH\CodeIgniter.php(366): CodeIgniter\CodeIgniter->handleRequest(null, Object(Config\Cache), false)
 8 FCPATH\index.php(67): CodeIgniter\CodeIgniter->run()
INFO - 2023-10-23 18:54:32 --> Session: Class initialized using 'CodeIgniter\Session\Handlers\FileHandler' driver.
CRITICAL - 2023-10-23 18:54:32 --> Cannot access offset of type string on string
in APPPATH\Views\pesquisarconsultas.php on line 26.
 1 SYSTEMPATH\View\View.php(224): include()
 2 SYSTEMPATH\View\View.php(227): CodeIgniter\View\View->CodeIgniter\View\{closure}()
 3 SYSTEMPATH\Common.php(1176): CodeIgniter\View\View->render('pesquisarconsultas', [], true)
 4 APPPATH\Controllers\PesquisarConsultas.php(26): view('pesquisarconsultas', [...])
 5 SYSTEMPATH\CodeIgniter.php(932): App\Controllers\PesquisarConsultas->index()
 6 SYSTEMPATH\CodeIgniter.php(497): CodeIgniter\CodeIgniter->runController(Object(App\Controllers\PesquisarConsultas))
 7 SYSTEMPATH\CodeIgniter.php(366): CodeIgniter\CodeIgniter->handleRequest(null, Object(Config\Cache), false)
 8 FCPATH\index.php(67): CodeIgniter\CodeIgniter->run()
INFO - 2023-10-23 18:55:14 --> Session: Class initialized using 'CodeIgniter\Session\Handlers\FileHandler' driver.
INFO - 2023-10-23 18:56:37 --> Session: Class initialized using 'CodeIgniter\Session\Handlers\FileHandler' driver.
INFO - 2023-10-23 18:56:52 --> Session: Class initialized using 'CodeIgniter\Session\Handlers\FileHandler' driver.
INFO - 2023-10-23 18:58:17 --> Session: Class initialized using 'CodeIgniter\Session\Handlers\FileHandler' driver.
INFO - 2023-10-23 18:58:20 --> Session: Class initialized using 'CodeIgniter\Session\Handlers\FileHandler' driver.
INFO - 2023-10-23 18:58:41 --> Session: Class initialized using 'CodeIgniter\Session\Handlers\FileHandler' driver.
INFO - 2023-10-23 18:59:19 --> Session: Class initialized using 'CodeIgniter\Session\Handlers\FileHandler' driver.
INFO - 2023-10-23 18:59:20 --> Session: Class initialized using 'CodeIgniter\Session\Handlers\FileHandler' driver.
INFO - 2023-10-23 18:59:25 --> Session: Class initialized using 'CodeIgniter\Session\Handlers\FileHandler' driver.
INFO - 2023-10-23 18:59:32 --> Session: Class initialized using 'CodeIgniter\Session\Handlers\FileHandler' driver.
INFO - 2023-10-23 19:01:24 --> Session: Class initialized using 'CodeIgniter\Session\Handlers\FileHandler' driver.
INFO - 2023-10-23 19:03:55 --> Session: Class initialized using 'CodeIgniter\Session\Handlers\FileHandler' driver.
CRITICAL - 2023-10-23 19:03:57 --> The route for "/PesquisarPacientes" cannot be found.
in SYSTEMPATH\HTTP\RedirectResponse.php on line 60.
 1 SYSTEMPATH\HTTP\RedirectResponse.php(60): CodeIgniter\HTTP\Exceptions\HTTPException::forInvalidRedirectRoute('/PesquisarPacientes')
 2 APPPATH\Controllers\EditarPaciente.php(64): CodeIgniter\HTTP\RedirectResponse->route(false)
 3 SYSTEMPATH\CodeIgniter.php(932): App\Controllers\EditarPaciente->atualizar('4')
 4 SYSTEMPATH\CodeIgniter.php(497): CodeIgniter\CodeIgniter->runController(Object(App\Controllers\EditarPaciente))
 5 SYSTEMPATH\CodeIgniter.php(366): CodeIgniter\CodeIgniter->handleRequest(null, Object(Config\Cache), false)
 6 FCPATH\index.php(67): CodeIgniter\CodeIgniter->run()
INFO - 2023-10-23 19:04:12 --> Session: Class initialized using 'CodeIgniter\Session\Handlers\FileHandler' driver.
INFO - 2023-10-23 19:04:16 --> Session: Class initialized using 'CodeIgniter\Session\Handlers\FileHandler' driver.
INFO - 2023-10-23 19:04:23 --> Session: Class initialized using 'CodeIgniter\Session\Handlers\FileHandler' driver.
INFO - 2023-10-23 19:04:59 --> Session: Class initialized using 'CodeIgniter\Session\Handlers\FileHandler' driver.
CRITICAL - 2023-10-23 19:04:59 --> Trying to access array offset on value of type null
in APPPATH\Views\editarpaciente.php on line 9.
 1 APPPATH\Views\editarpaciente.php(9): CodeIgniter\Debug\Exceptions->errorHandler(2, 'Trying to access array offset on value of type null', 'C:\\xampp\\htdocs\\sinteag\\app\\Views\\editarpaciente.php', 9)
 2 SYSTEMPATH\View\View.php(224): include('C:\\xampp\\htdocs\\sinteag\\app\\Views\\editarpaciente.php')
 3 SYSTEMPATH\View\View.php(227): CodeIgniter\View\View->CodeIgniter\View\{closure}()
 4 SYSTEMPATH\Common.php(1176): CodeIgniter\View\View->render('editarpaciente', [], true)
 5 APPPATH\Controllers\EditarPaciente.php(23): view('editarpaciente', [...])
 6 SYSTEMPATH\CodeIgniter.php(932): App\Controllers\EditarPaciente->index('PesquisarPacientes')
 7 SYSTEMPATH\CodeIgniter.php(497): CodeIgniter\CodeIgniter->runController(Object(App\Controllers\EditarPaciente))
 8 SYSTEMPATH\CodeIgniter.php(366): CodeIgniter\CodeIgniter->handleRequest(null, Object(Config\Cache), false)
 9 FCPATH\index.php(67): CodeIgniter\CodeIgniter->run()
INFO - 2023-10-23 19:05:16 --> Session: Class initialized using 'CodeIgniter\Session\Handlers\FileHandler' driver.
CRITICAL - 2023-10-23 19:05:16 --> Trying to access array offset on value of type null
in APPPATH\Views\editarpaciente.php on line 9.
 1 APPPATH\Views\editarpaciente.php(9): CodeIgniter\Debug\Exceptions->errorHandler(2, 'Trying to access array offset on value of type null', 'C:\\xampp\\htdocs\\sinteag\\app\\Views\\editarpaciente.php', 9)
 2 SYSTEMPATH\View\View.php(224): include('C:\\xampp\\htdocs\\sinteag\\app\\Views\\editarpaciente.php')
 3 SYSTEMPATH\View\View.php(227): CodeIgniter\View\View->CodeIgniter\View\{closure}()
 4 SYSTEMPATH\Common.php(1176): CodeIgniter\View\View->render('editarpaciente', [], true)
 5 APPPATH\Controllers\EditarPaciente.php(23): view('editarpaciente', [...])
 6 SYSTEMPATH\CodeIgniter.php(932): App\Controllers\EditarPaciente->index('PesquisarPacientes')
 7 SYSTEMPATH\CodeIgniter.php(497): CodeIgniter\CodeIgniter->runController(Object(App\Controllers\EditarPaciente))
 8 SYSTEMPATH\CodeIgniter.php(366): CodeIgniter\CodeIgniter->handleRequest(null, Object(Config\Cache), false)
 9 FCPATH\index.php(67): CodeIgniter\CodeIgniter->run()
INFO - 2023-10-23 19:05:29 --> Session: Class initialized using 'CodeIgniter\Session\Handlers\FileHandler' driver.
INFO - 2023-10-23 19:05:33 --> Session: Class initialized using 'CodeIgniter\Session\Handlers\FileHandler' driver.
INFO - 2023-10-23 19:05:35 --> Session: Class initialized using 'CodeIgniter\Session\Handlers\FileHandler' driver.
INFO - 2023-10-23 19:05:43 --> Session: Class initialized using 'CodeIgniter\Session\Handlers\FileHandler' driver.
INFO - 2023-10-23 19:06:21 --> Session: Class initialized using 'CodeIgniter\Session\Handlers\FileHandler' driver.
INFO - 2023-10-23 19:06:39 --> Session: Class initialized using 'CodeIgniter\Session\Handlers\FileHandler' driver.
INFO - 2023-10-23 19:06:45 --> Session: Class initialized using 'CodeIgniter\Session\Handlers\FileHandler' driver.
INFO - 2023-10-23 19:07:06 --> Session: Class initialized using 'CodeIgniter\Session\Handlers\FileHandler' driver.
INFO - 2023-10-23 19:07:08 --> Session: Class initialized using 'CodeIgniter\Session\Handlers\FileHandler' driver.
INFO - 2023-10-23 19:07:25 --> Session: Class initialized using 'CodeIgniter\Session\Handlers\FileHandler' driver.
INFO - 2023-10-23 19:07:27 --> Session: Class initialized using 'CodeIgniter\Session\Handlers\FileHandler' driver.
INFO - 2023-10-23 19:07:29 --> Session: Class initialized using 'CodeIgniter\Session\Handlers\FileHandler' driver.
INFO - 2023-10-23 19:08:25 --> Session: Class initialized using 'CodeIgniter\Session\Handlers\FileHandler' driver.
INFO - 2023-10-23 19:08:36 --> Session: Class initialized using 'CodeIgniter\Session\Handlers\FileHandler' driver.
INFO - 2023-10-23 19:08:39 --> Session: Class initialized using 'CodeIgniter\Session\Handlers\FileHandler' driver.
INFO - 2023-10-23 19:08:39 --> Session: Class initialized using 'CodeIgniter\Session\Handlers\FileHandler' driver.
INFO - 2023-10-23 19:08:42 --> Session: Class initialized using 'CodeIgniter\Session\Handlers\FileHandler' driver.
INFO - 2023-10-23 19:08:47 --> Session: Class initialized using 'CodeIgniter\Session\Handlers\FileHandler' driver.
INFO - 2023-10-23 19:08:47 --> Session: Class initialized using 'CodeIgniter\Session\Handlers\FileHandler' driver.
INFO - 2023-10-23 19:09:28 --> Session: Class initialized using 'CodeIgniter\Session\Handlers\FileHandler' driver.
INFO - 2023-10-23 19:09:35 --> Session: Class initialized using 'CodeIgniter\Session\Handlers\FileHandler' driver.
INFO - 2023-10-23 19:31:08 --> Session: Class initialized using 'CodeIgniter\Session\Handlers\FileHandler' driver.
INFO - 2023-10-23 19:41:31 --> Session: Class initialized using 'CodeIgniter\Session\Handlers\FileHandler' driver.
INFO - 2023-10-23 19:50:49 --> Session: Class initialized using 'CodeIgniter\Session\Handlers\FileHandler' driver.
INFO - 2023-10-23 19:51:25 --> Session: Class initialized using 'CodeIgniter\Session\Handlers\FileHandler' driver.
INFO - 2023-10-23 19:51:29 --> Session: Class initialized using 'CodeIgniter\Session\Handlers\FileHandler' driver.
INFO - 2023-10-23 19:51:31 --> Session: Class initialized using 'CodeIgniter\Session\Handlers\FileHandler' driver.
INFO - 2023-10-23 19:57:46 --> Session: Class initialized using 'CodeIgniter\Session\Handlers\FileHandler' driver.
CRITICAL - 2023-10-23 19:57:46 --> Undefined array key "nome_paciente"
in APPPATH\Controllers\CadastrarPacientes.php on line 22.
 1 APPPATH\Controllers\CadastrarPacientes.php(22): CodeIgniter\Debug\Exceptions->errorHandler(2, 'Undefined array key "nome_paciente"', 'C:\\xampp\\htdocs\\sinteag\\app\\Controllers\\CadastrarPacientes.php', 22)
 2 SYSTEMPATH\CodeIgniter.php(932): App\Controllers\CadastrarPacientes->cadastrar()
 3 SYSTEMPATH\CodeIgniter.php(497): CodeIgniter\CodeIgniter->runController(Object(App\Controllers\CadastrarPacientes))
 4 SYSTEMPATH\CodeIgniter.php(366): CodeIgniter\CodeIgniter->handleRequest(null, Object(Config\Cache), false)
 5 FCPATH\index.php(67): CodeIgniter\CodeIgniter->run()
INFO - 2023-10-23 19:58:17 --> Session: Class initialized using 'CodeIgniter\Session\Handlers\FileHandler' driver.
INFO - 2023-10-23 19:58:27 --> Session: Class initialized using 'CodeIgniter\Session\Handlers\FileHandler' driver.
INFO - 2023-10-23 21:37:43 --> Session: Class initialized using 'CodeIgniter\Session\Handlers\FileHandler' driver.
INFO - 2023-10-23 21:37:56 --> Session: Class initialized using 'CodeIgniter\Session\Handlers\FileHandler' driver.
CRITICAL - 2023-10-23 21:37:56 --> Undefined array key "nome_paciente"
in APPPATH\Controllers\CadastrarPacientes.php on line 28.
 1 APPPATH\Controllers\CadastrarPacientes.php(28): CodeIgniter\Debug\Exceptions->errorHandler(2, 'Undefined array key "nome_paciente"', 'C:\\xampp\\htdocs\\sinteag\\app\\Controllers\\CadastrarPacientes.php', 28)
 2 SYSTEMPATH\CodeIgniter.php(932): App\Controllers\CadastrarPacientes->cadastrar()
 3 SYSTEMPATH\CodeIgniter.php(497): CodeIgniter\CodeIgniter->runController(Object(App\Controllers\CadastrarPacientes))
 4 SYSTEMPATH\CodeIgniter.php(366): CodeIgniter\CodeIgniter->handleRequest(null, Object(Config\Cache), false)
 5 FCPATH\index.php(67): CodeIgniter\CodeIgniter->run()
INFO - 2023-10-23 21:38:56 --> Session: Class initialized using 'CodeIgniter\Session\Handlers\FileHandler' driver.
INFO - 2023-10-23 21:38:58 --> Session: Class initialized using 'CodeIgniter\Session\Handlers\FileHandler' driver.
CRITICAL - 2023-10-23 21:38:58 --> Undefined array key "nome_paciente"
in APPPATH\Controllers\CadastrarPacientes.php on line 28.
 1 APPPATH\Controllers\CadastrarPacientes.php(28): CodeIgniter\Debug\Exceptions->errorHandler(2, 'Undefined array key "nome_paciente"', 'C:\\xampp\\htdocs\\sinteag\\app\\Controllers\\CadastrarPacientes.php', 28)
 2 SYSTEMPATH\CodeIgniter.php(932): App\Controllers\CadastrarPacientes->cadastrar()
 3 SYSTEMPATH\CodeIgniter.php(497): CodeIgniter\CodeIgniter->runController(Object(App\Controllers\CadastrarPacientes))
 4 SYSTEMPATH\CodeIgniter.php(366): CodeIgniter\CodeIgniter->handleRequest(null, Object(Config\Cache), false)
 5 FCPATH\index.php(67): CodeIgniter\CodeIgniter->run()
INFO - 2023-10-23 21:39:33 --> Session: Class initialized using 'CodeIgniter\Session\Handlers\FileHandler' driver.
INFO - 2023-10-23 21:39:35 --> Session: Class initialized using 'CodeIgniter\Session\Handlers\FileHandler' driver.
CRITICAL - 2023-10-23 21:39:35 --> Undefined array key "nome_paciente"
in APPPATH\Controllers\CadastrarPacientes.php on line 28.
 1 APPPATH\Controllers\CadastrarPacientes.php(28): CodeIgniter\Debug\Exceptions->errorHandler(2, 'Undefined array key "nome_paciente"', 'C:\\xampp\\htdocs\\sinteag\\app\\Controllers\\CadastrarPacientes.php', 28)
 2 SYSTEMPATH\CodeIgniter.php(932): App\Controllers\CadastrarPacientes->cadastrar()
 3 SYSTEMPATH\CodeIgniter.php(497): CodeIgniter\CodeIgniter->runController(Object(App\Controllers\CadastrarPacientes))
 4 SYSTEMPATH\CodeIgniter.php(366): CodeIgniter\CodeIgniter->handleRequest(null, Object(Config\Cache), false)
 5 FCPATH\index.php(67): CodeIgniter\CodeIgniter->run()
INFO - 2023-10-23 21:40:40 --> Session: Class initialized using 'CodeIgniter\Session\Handlers\FileHandler' driver.
CRITICAL - 2023-10-23 21:40:40 --> Undefined array key "nome_paciente"
in APPPATH\Controllers\CadastrarPacientes.php on line 28.
 1 APPPATH\Controllers\CadastrarPacientes.php(28): CodeIgniter\Debug\Exceptions->errorHandler(2, 'Undefined array key "nome_paciente"', 'C:\\xampp\\htdocs\\sinteag\\app\\Controllers\\CadastrarPacientes.php', 28)
 2 SYSTEMPATH\CodeIgniter.php(932): App\Controllers\CadastrarPacientes->cadastrar()
 3 SYSTEMPATH\CodeIgniter.php(497): CodeIgniter\CodeIgniter->runController(Object(App\Controllers\CadastrarPacientes))
 4 SYSTEMPATH\CodeIgniter.php(366): CodeIgniter\CodeIgniter->handleRequest(null, Object(Config\Cache), false)
 5 FCPATH\index.php(67): CodeIgniter\CodeIgniter->run()
INFO - 2023-10-23 21:40:42 --> Session: Class initialized using 'CodeIgniter\Session\Handlers\FileHandler' driver.
INFO - 2023-10-23 21:40:45 --> Session: Class initialized using 'CodeIgniter\Session\Handlers\FileHandler' driver.
INFO - 2023-10-23 21:41:18 --> Session: Class initialized using 'CodeIgniter\Session\Handlers\FileHandler' driver.
CRITICAL - 2023-10-23 21:41:18 --> Undefined array key "nome_paciente"
in APPPATH\Controllers\CadastrarPacientes.php on line 28.
 1 APPPATH\Controllers\CadastrarPacientes.php(28): CodeIgniter\Debug\Exceptions->errorHandler(2, 'Undefined array key "nome_paciente"', 'C:\\xampp\\htdocs\\sinteag\\app\\Controllers\\CadastrarPacientes.php', 28)
 2 SYSTEMPATH\CodeIgniter.php(932): App\Controllers\CadastrarPacientes->cadastrar()
 3 SYSTEMPATH\CodeIgniter.php(497): CodeIgniter\CodeIgniter->runController(Object(App\Controllers\CadastrarPacientes))
 4 SYSTEMPATH\CodeIgniter.php(366): CodeIgniter\CodeIgniter->handleRequest(null, Object(Config\Cache), false)
 5 FCPATH\index.php(67): CodeIgniter\CodeIgniter->run()
INFO - 2023-10-23 21:44:29 --> Session: Class initialized using 'CodeIgniter\Session\Handlers\FileHandler' driver.
INFO - 2023-10-23 21:44:32 --> Session: Class initialized using 'CodeIgniter\Session\Handlers\FileHandler' driver.
CRITICAL - 2023-10-23 21:44:34 --> Invalid file: "cadastrarpacientes.php"
in SYSTEMPATH\Exceptions\FrameworkException.php on line 33.
 1 SYSTEMPATH\View\View.php(212): CodeIgniter\Exceptions\FrameworkException::forInvalidFile('cadastrarpacientes.php')
 2 SYSTEMPATH\Common.php(1176): CodeIgniter\View\View->render('cadastrarpacientes', [], true)
 3 APPPATH\Controllers\CadastrarPacientes.php(21): view('cadastrarpacientes', [...])
 4 SYSTEMPATH\CodeIgniter.php(932): App\Controllers\CadastrarPacientes->index()
 5 SYSTEMPATH\CodeIgniter.php(497): CodeIgniter\CodeIgniter->runController(Object(App\Controllers\CadastrarPacientes))
 6 SYSTEMPATH\CodeIgniter.php(366): CodeIgniter\CodeIgniter->handleRequest(null, Object(Config\Cache), false)
 7 FCPATH\index.php(67): CodeIgniter\CodeIgniter->run()
INFO - 2023-10-23 21:45:00 --> Session: Class initialized using 'CodeIgniter\Session\Handlers\FileHandler' driver.
INFO - 2023-10-23 21:45:03 --> Session: Class initialized using 'CodeIgniter\Session\Handlers\FileHandler' driver.
INFO - 2023-10-23 21:45:27 --> Session: Class initialized using 'CodeIgniter\Session\Handlers\FileHandler' driver.
CRITICAL - 2023-10-23 21:45:27 --> Undefined array key "nome_paciente"
in APPPATH\Controllers\CadastrarPacientes.php on line 28.
 1 APPPATH\Controllers\CadastrarPacientes.php(28): CodeIgniter\Debug\Exceptions->errorHandler(2, 'Undefined array key "nome_paciente"', 'C:\\xampp\\htdocs\\sinteag\\app\\Controllers\\CadastrarPacientes.php', 28)
 2 SYSTEMPATH\CodeIgniter.php(932): App\Controllers\CadastrarPacientes->cadastrar()
 3 SYSTEMPATH\CodeIgniter.php(497): CodeIgniter\CodeIgniter->runController(Object(App\Controllers\CadastrarPacientes))
 4 SYSTEMPATH\CodeIgniter.php(366): CodeIgniter\CodeIgniter->handleRequest(null, Object(Config\Cache), false)
 5 FCPATH\index.php(67): CodeIgniter\CodeIgniter->run()
INFO - 2023-10-23 21:59:29 --> Session: Class initialized using 'CodeIgniter\Session\Handlers\FileHandler' driver.
INFO - 2023-10-23 21:59:33 --> Session: Class initialized using 'CodeIgniter\Session\Handlers\FileHandler' driver.
INFO - 2023-10-23 21:59:39 --> Session: Class initialized using 'CodeIgniter\Session\Handlers\FileHandler' driver.
INFO - 2023-10-23 22:00:50 --> Session: Class initialized using 'CodeIgniter\Session\Handlers\FileHandler' driver.
INFO - 2023-10-23 22:00:54 --> Session: Class initialized using 'CodeIgniter\Session\Handlers\FileHandler' driver.
CRITICAL - 2023-10-23 22:00:54 --> Undefined array key "Nome_Paciente"
in APPPATH\Views\editarconsulta.php on line 10.
 1 APPPATH\Views\editarconsulta.php(10): CodeIgniter\Debug\Exceptions->errorHandler(2, 'Undefined array key "Nome_Paciente"', 'C:\\xampp\\htdocs\\sinteag\\app\\Views\\editarconsulta.php', 10)
 2 SYSTEMPATH\View\View.php(224): include('C:\\xampp\\htdocs\\sinteag\\app\\Views\\editarconsulta.php')
 3 SYSTEMPATH\View\View.php(227): CodeIgniter\View\View->CodeIgniter\View\{closure}()
 4 SYSTEMPATH\Common.php(1176): CodeIgniter\View\View->render('editarconsulta', [], true)
 5 APPPATH\Controllers\EditarConsulta.php(16): view('editarconsulta', [...])
 6 SYSTEMPATH\CodeIgniter.php(932): App\Controllers\EditarConsulta->index('1')
 7 SYSTEMPATH\CodeIgniter.php(497): CodeIgniter\CodeIgniter->runController(Object(App\Controllers\EditarConsulta))
 8 SYSTEMPATH\CodeIgniter.php(366): CodeIgniter\CodeIgniter->handleRequest(null, Object(Config\Cache), false)
 9 FCPATH\index.php(67): CodeIgniter\CodeIgniter->run()
INFO - 2023-10-23 22:01:56 --> Session: Class initialized using 'CodeIgniter\Session\Handlers\FileHandler' driver.
INFO - 2023-10-23 22:01:58 --> Session: Class initialized using 'CodeIgniter\Session\Handlers\FileHandler' driver.
CRITICAL - 2023-10-23 22:01:58 --> Undefined array key "Nome_Paciente"
in APPPATH\Views\editarconsulta.php on line 10.
 1 APPPATH\Views\editarconsulta.php(10): CodeIgniter\Debug\Exceptions->errorHandler(2, 'Undefined array key "Nome_Paciente"', 'C:\\xampp\\htdocs\\sinteag\\app\\Views\\editarconsulta.php', 10)
 2 SYSTEMPATH\View\View.php(224): include('C:\\xampp\\htdocs\\sinteag\\app\\Views\\editarconsulta.php')
 3 SYSTEMPATH\View\View.php(227): CodeIgniter\View\View->CodeIgniter\View\{closure}()
 4 SYSTEMPATH\Common.php(1176): CodeIgniter\View\View->render('editarconsulta', [], true)
 5 APPPATH\Controllers\EditarConsulta.php(16): view('editarconsulta', [...])
 6 SYSTEMPATH\CodeIgniter.php(932): App\Controllers\EditarConsulta->index('1')
 7 SYSTEMPATH\CodeIgniter.php(497): CodeIgniter\CodeIgniter->runController(Object(App\Controllers\EditarConsulta))
 8 SYSTEMPATH\CodeIgniter.php(366): CodeIgniter\CodeIgniter->handleRequest(null, Object(Config\Cache), false)
 9 FCPATH\index.php(67): CodeIgniter\CodeIgniter->run()
INFO - 2023-10-23 22:03:28 --> Session: Class initialized using 'CodeIgniter\Session\Handlers\FileHandler' driver.
INFO - 2023-10-23 22:07:01 --> Session: Class initialized using 'CodeIgniter\Session\Handlers\FileHandler' driver.
INFO - 2023-10-23 22:07:04 --> Session: Class initialized using 'CodeIgniter\Session\Handlers\FileHandler' driver.
CRITICAL - 2023-10-23 22:07:04 --> Undefined array key "profissional_id"
in APPPATH\Views\editarconsulta.php on line 14.
 1 APPPATH\Views\editarconsulta.php(14): CodeIgniter\Debug\Exceptions->errorHandler(2, 'Undefined array key "profissional_id"', 'C:\\xampp\\htdocs\\sinteag\\app\\Views\\editarconsulta.php', 14)
 2 SYSTEMPATH\View\View.php(224): include('C:\\xampp\\htdocs\\sinteag\\app\\Views\\editarconsulta.php')
 3 SYSTEMPATH\View\View.php(227): CodeIgniter\View\View->CodeIgniter\View\{closure}()
 4 SYSTEMPATH\Common.php(1176): CodeIgniter\View\View->render('editarconsulta', [], true)
 5 APPPATH\Controllers\EditarConsulta.php(20): view('editarconsulta', [...])
 6 SYSTEMPATH\CodeIgniter.php(932): App\Controllers\EditarConsulta->index('1')
 7 SYSTEMPATH\CodeIgniter.php(497): CodeIgniter\CodeIgniter->runController(Object(App\Controllers\EditarConsulta))
 8 SYSTEMPATH\CodeIgniter.php(366): CodeIgniter\CodeIgniter->handleRequest(null, Object(Config\Cache), false)
 9 FCPATH\index.php(67): CodeIgniter\CodeIgniter->run()
INFO - 2023-10-23 22:08:16 --> Session: Class initialized using 'CodeIgniter\Session\Handlers\FileHandler' driver.
INFO - 2023-10-23 22:08:18 --> Session: Class initialized using 'CodeIgniter\Session\Handlers\FileHandler' driver.
CRITICAL - 2023-10-23 22:08:18 --> Undefined array key "Nome_Profissional_id"
in APPPATH\Views\editarconsulta.php on line 14.
 1 APPPATH\Views\editarconsulta.php(14): CodeIgniter\Debug\Exceptions->errorHandler(2, 'Undefined array key "Nome_Profissional_id"', 'C:\\xampp\\htdocs\\sinteag\\app\\Views\\editarconsulta.php', 14)
 2 SYSTEMPATH\View\View.php(224): include('C:\\xampp\\htdocs\\sinteag\\app\\Views\\editarconsulta.php')
 3 SYSTEMPATH\View\View.php(227): CodeIgniter\View\View->CodeIgniter\View\{closure}()
 4 SYSTEMPATH\Common.php(1176): CodeIgniter\View\View->render('editarconsulta', [], true)
 5 APPPATH\Controllers\EditarConsulta.php(20): view('editarconsulta', [...])
 6 SYSTEMPATH\CodeIgniter.php(932): App\Controllers\EditarConsulta->index('1')
 7 SYSTEMPATH\CodeIgniter.php(497): CodeIgniter\CodeIgniter->runController(Object(App\Controllers\EditarConsulta))
 8 SYSTEMPATH\CodeIgniter.php(366): CodeIgniter\CodeIgniter->handleRequest(null, Object(Config\Cache), false)
 9 FCPATH\index.php(67): CodeIgniter\CodeIgniter->run()
INFO - 2023-10-23 22:09:15 --> Session: Class initialized using 'CodeIgniter\Session\Handlers\FileHandler' driver.
INFO - 2023-10-23 22:09:17 --> Session: Class initialized using 'CodeIgniter\Session\Handlers\FileHandler' driver.
INFO - 2023-10-23 22:09:45 --> Session: Class initialized using 'CodeIgniter\Session\Handlers\FileHandler' driver.
INFO - 2023-10-23 22:09:50 --> Session: Class initialized using 'CodeIgniter\Session\Handlers\FileHandler' driver.
INFO - 2023-10-23 22:23:14 --> Session: Class initialized using 'CodeIgniter\Session\Handlers\FileHandler' driver.
INFO - 2023-10-23 22:23:32 --> Session: Class initialized using 'CodeIgniter\Session\Handlers\FileHandler' driver.
INFO - 2023-10-23 22:23:41 --> Session: Class initialized using 'CodeIgniter\Session\Handlers\FileHandler' driver.
INFO - 2023-10-23 22:23:43 --> Session: Class initialized using 'CodeIgniter\Session\Handlers\FileHandler' driver.
INFO - 2023-10-23 22:23:51 --> Session: Class initialized using 'CodeIgniter\Session\Handlers\FileHandler' driver.
INFO - 2023-10-23 22:35:24 --> Session: Class initialized using 'CodeIgniter\Session\Handlers\FileHandler' driver.
